2024-09-03 09:09:03,896 [INFO] Activator:176 - 


2024-09-03 09:09:03,906 [INFO] Activator:177 - !SESSION log4j initialized
2024-09-03 09:09:13,535 [INFO] LogOutputStream:77 - [STDOUT_REDIRECT] 
2024-09-03 09:09:17,703 [INFO] ApplicationProperties:184 - Using Application install path: C:\ST\STM32CubeIDE_1.16.0\STM32CubeIDE\plugins\com.st.stm32cube.common.mx_6.12.0.202406281431
2024-09-03 09:09:17,730 [INFO] DbMcusXml:78 - Set database path to: C:\ST\STM32CubeIDE_1.16.0\STM32CubeIDE\plugins\com.st.stm32cube.common.mx_6.12.0.202406281431\\db\/mcu/
2024-09-03 09:09:17,731 [INFO] ApiDb:274 - Set plugin database path to: C:\ST\STM32CubeIDE_1.16.0\STM32CubeIDE\plugins\com.st.stm32cube.common.mx_6.12.0.202406281431\\db\/plugins/boardmanager/
2024-09-03 09:09:17,732 [WARN] ApiDb:259 - Overriding images path with different value:  => C:\ST\STM32CubeIDE_1.16.0\STM32CubeIDE\plugins\com.st.stm32cube.common.mx_6.12.0.202406281431\\db\/plugins/mcufinder/images/
2024-09-03 09:09:17,758 [INFO] ApiDb:250 - Set database path to: C:\Users\jayansola.KANE\.stmcufinder\plugins\mcufinder//mcu/
2024-09-03 09:09:17,759 [INFO] DbMcusAds:125 - Set database path to: C:\Users\jayansola.KANE\.stmcufinder\plugins\mcufinder//mcu/
2024-09-03 09:09:17,764 [INFO] CrossReferenceDbSqlite:203 - Set database path to: C:\Users\jayansola.KANE\.stmcufinder\plugins\mcufinder//mcu/cs/
2024-09-03 09:09:17,998 [INFO] RulesReader:64 - Compatibility file has been processed (297 Rules)
2024-09-03 09:09:18,148 [INFO] DbMcusXml:78 - Set database path to: C:\ST\STM32CubeIDE_1.16.0\STM32CubeIDE\plugins\com.st.stm32cube.common.mx_6.12.0.202406281431\\db\/mcu/
2024-09-03 09:09:18,148 [INFO] ApiDb:274 - Set plugin database path to: C:\ST\STM32CubeIDE_1.16.0\STM32CubeIDE\plugins\com.st.stm32cube.common.mx_6.12.0.202406281431\\db\/plugins/boardmanager/
2024-09-03 09:09:18,148 [INFO] ApiDb:261 - Set plugin images path to: C:\ST\STM32CubeIDE_1.16.0\STM32CubeIDE\plugins\com.st.stm32cube.common.mx_6.12.0.202406281431\\db\/plugins/mcufinder/images/
2024-09-03 09:09:18,149 [WARN] DbFile:41 - Overriding database path with different value: C:\Users\jayansola.KANE\.stmcufinder\plugins\mcufinder/ => C:\Users\jayansola.KANE\.stmcufinder\plugins\mcufinder
2024-09-03 09:09:18,149 [INFO] ApiDb:250 - Set database path to: C:\Users\jayansola.KANE\.stmcufinder\plugins\mcufinder//mcu/
2024-09-03 09:09:18,149 [WARN] DbFile:41 - Overriding database path with different value: C:\Users\jayansola.KANE\.stmcufinder\plugins\mcufinder/ => C:\Users\jayansola.KANE\.stmcufinder\plugins\mcufinder
2024-09-03 09:09:18,149 [INFO] DbMcusAds:125 - Set database path to: C:\Users\jayansola.KANE\.stmcufinder\plugins\mcufinder//mcu/
2024-09-03 09:09:18,149 [WARN] DbFile:41 - Overriding database path with different value: C:\Users\jayansola.KANE\.stmcufinder\plugins\mcufinder/ => C:\Users\jayansola.KANE\.stmcufinder\plugins\mcufinder
2024-09-03 09:09:18,149 [WARN] DbFile:41 - Overriding database path with different value: C:\Users\jayansola.KANE\.stmcufinder\plugins\mcufinder/ => C:\Users\jayansola.KANE\.stmcufinder\plugins\mcufinder
2024-09-03 09:09:18,149 [INFO] CrossReferenceDbSqlite:203 - Set database path to: C:\Users\jayansola.KANE\.stmcufinder\plugins\mcufinder//mcu/cs/
2024-09-03 09:09:18,299 [INFO] MainPanel:268 - HeapMemory: 268435456
2024-09-03 09:09:18,464 [INFO] DbMcusXml:78 - Set database path to: C:\ST\STM32CubeIDE_1.16.0\STM32CubeIDE\plugins\com.st.stm32cube.common.mx_6.12.0.202406281431\\db\/mcu/
2024-09-03 09:09:18,464 [INFO] ApiDb:274 - Set plugin database path to: C:\ST\STM32CubeIDE_1.16.0\STM32CubeIDE\plugins\com.st.stm32cube.common.mx_6.12.0.202406281431\\db\/plugins/boardmanager/
2024-09-03 09:09:18,465 [INFO] ApiDb:261 - Set plugin images path to: C:\ST\STM32CubeIDE_1.16.0\STM32CubeIDE\plugins\com.st.stm32cube.common.mx_6.12.0.202406281431\\db\/plugins/mcufinder/images/
2024-09-03 09:09:18,465 [WARN] DbFile:41 - Overriding database path with different value: C:\Users\jayansola.KANE\.stmcufinder\plugins\mcufinder/ => C:\Users\jayansola.KANE\.stmcufinder\plugins\mcufinder
2024-09-03 09:09:18,465 [INFO] ApiDb:250 - Set database path to: C:\Users\jayansola.KANE\.stmcufinder\plugins\mcufinder//mcu/
2024-09-03 09:09:18,465 [WARN] DbFile:41 - Overriding database path with different value: C:\Users\jayansola.KANE\.stmcufinder\plugins\mcufinder/ => C:\Users\jayansola.KANE\.stmcufinder\plugins\mcufinder
2024-09-03 09:09:18,466 [INFO] DbMcusAds:125 - Set database path to: C:\Users\jayansola.KANE\.stmcufinder\plugins\mcufinder//mcu/
2024-09-03 09:09:18,466 [WARN] DbFile:41 - Overriding database path with different value: C:\Users\jayansola.KANE\.stmcufinder\plugins\mcufinder/ => C:\Users\jayansola.KANE\.stmcufinder\plugins\mcufinder
2024-09-03 09:09:18,466 [WARN] DbFile:41 - Overriding database path with different value: C:\Users\jayansola.KANE\.stmcufinder\plugins\mcufinder/ => C:\Users\jayansola.KANE\.stmcufinder\plugins\mcufinder
2024-09-03 09:09:18,466 [INFO] CrossReferenceDbSqlite:203 - Set database path to: C:\Users\jayansola.KANE\.stmcufinder\plugins\mcufinder//mcu/cs/
2024-09-03 09:09:18,497 [INFO] ApplicationProperties:184 - Using Application install path: C:\ST\STM32CubeIDE_1.16.0\STM32CubeIDE\plugins\com.st.stm32cube.common.mx_6.12.0.202406281431
2024-09-03 09:09:18,499 [INFO] PluginManage:196 - Search for loadable plugins [exclusion list=, ]
2024-09-03 09:09:18,502 [INFO] PluginManage:310 - Check plugin analytics
2024-09-03 09:09:18,787 [INFO] AnalyticsPlugin:253 - Accepted Software Licenses: 
2024-09-03 09:09:18,788 [INFO] AnalyticsPlugin:255 - Accepted CMSIS Pack Licenses: 
2024-09-03 09:09:18,788 [INFO] AnalyticsPlugin:257 - Accepted Firmware Licenses: 
2024-09-03 09:09:18,792 [INFO] PluginManage:359 - Loaded plugin analytics (category:tool,tabindex:-1)
2024-09-03 09:09:18,793 [INFO] PluginManage:310 - Check plugin cadmodel
2024-09-03 09:09:18,819 [INFO] CADModel:105 - Init CAD model plugin
2024-09-03 09:09:18,820 [INFO] PluginManage:359 - Loaded plugin cadmodel (category:power,tabindex:5)
2024-09-03 09:09:18,820 [INFO] PluginManage:310 - Check plugin clock
2024-09-03 09:09:18,850 [INFO] PluginManage:359 - Loaded plugin clock (category:base,tabindex:2)
2024-09-03 09:09:18,851 [INFO] PluginManage:310 - Check plugin ddr
2024-09-03 09:09:18,855 [INFO] PluginManage:359 - Loaded plugin ddr (category:tool,tabindex:6)
2024-09-03 09:09:18,856 [INFO] PluginManage:310 - Check plugin filemanager
2024-09-03 09:09:19,065 [INFO] PluginManage:359 - Loaded plugin filemanager (category:base,tabindex:10)
2024-09-03 09:09:19,065 [INFO] PluginManage:310 - Check plugin ipmanager
2024-09-03 09:09:19,078 [INFO] PluginManage:359 - Loaded plugin ipmanager (category:base,tabindex:5)
2024-09-03 09:09:19,079 [INFO] PluginManage:310 - Check plugin lpbam
2024-09-03 09:09:19,109 [INFO] PluginManage:359 - Loaded plugin lpbam (category:base,tabindex:0)
2024-09-03 09:09:19,109 [INFO] PluginManage:310 - Check plugin memorymap
2024-09-03 09:09:19,145 [INFO] PluginManage:359 - Loaded plugin memorymap (category:base,tabindex:4)
2024-09-03 09:09:19,146 [INFO] PluginManage:310 - Check plugin pinoutandconfiguration
2024-09-03 09:09:19,175 [INFO] PluginManage:359 - Loaded plugin pinoutandconfiguration (category:base,tabindex:1)
2024-09-03 09:09:19,175 [INFO] PluginManage:310 - Check plugin pinoutconfig
2024-09-03 09:09:19,428 [WARN] SupportedApi:132 - Cannot load RTOS API schema: s4s-elt-must-match.1: The content of 'definitions' must match (annotation?, (simpleType | complexType)?, (unique | key | keyref)*)). A problem was found starting at: attribute.
2024-09-03 09:09:19,697 [INFO] PluginManage:359 - Loaded plugin pinoutconfig (category:base,tabindex:0)
2024-09-03 09:09:19,697 [INFO] PluginManage:310 - Check plugin power
2024-09-03 09:09:19,735 [INFO] PluginManage:359 - Loaded plugin power (category:power,tabindex:4)
2024-09-03 09:09:19,736 [INFO] PluginManage:310 - Check plugin projectmanager
2024-09-03 09:09:19,764 [INFO] PluginManage:359 - Loaded plugin projectmanager (category:projectmanager,tabindex:4)
2024-09-03 09:09:19,764 [INFO] PluginManage:310 - Check plugin rif
2024-09-03 09:09:19,791 [INFO] PluginManage:359 - Loaded plugin rif (category:base,tabindex:3)
2024-09-03 09:09:19,792 [INFO] PluginManage:310 - Check plugin thirdparty
2024-09-03 09:09:20,298 [INFO] PluginManage:359 - Loaded plugin thirdparty (category:base,tabindex:-1)
2024-09-03 09:09:20,298 [INFO] PluginManage:310 - Check plugin tools
2024-09-03 09:09:20,298 [WARN] IntegrityCheckThread:84 - waiting for thirdparty lock release [integrity check]
2024-09-03 09:09:20,299 [INFO] IntegrityCheckThread:86 - entering critical section [integrity check]
2024-09-03 09:09:20,299 [INFO] ThirdPartyUpdaterWithRetryManager:70 - Updater plugin not ready yet. [1/15]
2024-09-03 09:09:20,374 [INFO] PluginManage:359 - Loaded plugin tools (category:base,tabindex:7)
2024-09-03 09:09:20,375 [INFO] PluginManage:310 - Check plugin tutovideos
2024-09-03 09:09:20,672 [INFO] PluginManage:359 - Loaded plugin tutovideos (category:base,tabindex:-1)
2024-09-03 09:09:20,672 [INFO] PluginManage:310 - Check plugin updater
2024-09-03 09:09:20,706 [INFO] PluginManage:359 - Loaded plugin updater (category:base,tabindex:12)
2024-09-03 09:09:20,707 [INFO] PluginManage:310 - Check plugin userauth
2024-09-03 09:09:20,717 [INFO] UserAuth:113 - Init User Auth plugin
2024-09-03 09:09:20,717 [INFO] PluginManage:359 - Loaded plugin userauth (category:base,tabindex:14)
2024-09-03 09:09:20,718 [INFO] PluginManage:283 - PluginManage : Loaded plugins [18]
2024-09-03 09:09:21,077 [INFO] PinOutPanel:1561 - setPackage(No Configuration,No Configuration)
2024-09-03 09:09:21,230 [INFO] CADModel:165 - CPN selected for project level
2024-09-03 09:09:21,230 [INFO] CADModel:114 - Register for checkConnection events
2024-09-03 09:09:21,276 [INFO] IPUIPlugin:80 - create IPUIPlugin
2024-09-03 09:09:21,276 [INFO] PluginManager:220 - loadIPPluginJar : add adc
2024-09-03 09:09:21,346 [INFO] IPUIPlugin:80 - create IPUIPlugin
2024-09-03 09:09:21,347 [INFO] PluginManager:220 - loadIPPluginJar : add aes
2024-09-03 09:09:21,435 [INFO] IPUIPlugin:80 - create IPUIPlugin
2024-09-03 09:09:21,435 [INFO] PluginManager:220 - loadIPPluginJar : add can
2024-09-03 09:09:21,480 [INFO] IPUIPlugin:80 - create IPUIPlugin
2024-09-03 09:09:21,480 [INFO] PluginManager:220 - loadIPPluginJar : add comp
2024-09-03 09:09:21,546 [INFO] IPUIPlugin:80 - create IPUIPlugin
2024-09-03 09:09:21,546 [INFO] PluginManager:220 - loadIPPluginJar : add cryp
2024-09-03 09:09:21,571 [INFO] IPUIPlugin:80 - create IPUIPlugin
2024-09-03 09:09:21,571 [INFO] PluginManager:220 - loadIPPluginJar : add ddr_ctrl_phy
2024-09-03 09:09:21,631 [INFO] IPUIPlugin:80 - create IPUIPlugin
2024-09-03 09:09:21,631 [INFO] PluginManager:220 - loadIPPluginJar : add dfsdm
2024-09-03 09:09:21,656 [INFO] IPUIPlugin:80 - create IPUIPlugin
2024-09-03 09:09:21,657 [INFO] PluginManager:220 - loadIPPluginJar : add dma
2024-09-03 09:09:21,752 [INFO] IPUIPlugin:80 - create IPUIPlugin
2024-09-03 09:09:21,753 [INFO] PluginManager:220 - loadIPPluginJar : add dma3
2024-09-03 09:09:21,865 [INFO] IPUIPlugin:80 - create IPUIPlugin
2024-09-03 09:09:21,865 [INFO] PluginManager:220 - loadIPPluginJar : add extmemmanager
2024-09-03 09:09:21,915 [INFO] IPUIPlugin:80 - create IPUIPlugin
2024-09-03 09:09:21,915 [INFO] PluginManager:220 - loadIPPluginJar : add fatfs
2024-09-03 09:09:22,023 [INFO] IPUIPlugin:80 - create IPUIPlugin
2024-09-03 09:09:22,023 [INFO] PluginManager:220 - loadIPPluginJar : add fmc
2024-09-03 09:09:22,052 [INFO] IPUIPlugin:80 - create IPUIPlugin
2024-09-03 09:09:22,053 [INFO] PluginManager:220 - loadIPPluginJar : add freertos
2024-09-03 09:09:22,100 [INFO] IPUIPlugin:80 - create IPUIPlugin
2024-09-03 09:09:22,100 [INFO] PluginManager:220 - loadIPPluginJar : add genericplugin
2024-09-03 09:09:22,328 [INFO] IPUIPlugin:80 - create IPUIPlugin
2024-09-03 09:09:22,329 [INFO] PluginManager:220 - loadIPPluginJar : add gfxmmu
2024-09-03 09:09:22,600 [INFO] IPUIPlugin:80 - create IPUIPlugin
2024-09-03 09:09:22,600 [INFO] PluginManager:220 - loadIPPluginJar : add gic
2024-09-03 09:09:22,624 [INFO] IPUIPlugin:80 - create IPUIPlugin
2024-09-03 09:09:22,624 [INFO] PluginManager:220 - loadIPPluginJar : add gpio
2024-09-03 09:09:22,801 [INFO] IPUIPlugin:80 - create IPUIPlugin
2024-09-03 09:09:22,801 [INFO] PluginManager:220 - loadIPPluginJar : add gtzc
2024-09-03 09:09:22,873 [INFO] IPUIPlugin:80 - create IPUIPlugin
2024-09-03 09:09:22,873 [INFO] PluginManager:220 - loadIPPluginJar : add hash
2024-09-03 09:09:22,982 [INFO] IPUIPlugin:80 - create IPUIPlugin
2024-09-03 09:09:22,982 [INFO] PluginManager:220 - loadIPPluginJar : add i2c
2024-09-03 09:09:23,059 [INFO] IPUIPlugin:80 - create IPUIPlugin
2024-09-03 09:09:23,059 [INFO] PluginManager:220 - loadIPPluginJar : add i2s
2024-09-03 09:09:23,147 [INFO] IPUIPlugin:80 - create IPUIPlugin
2024-09-03 09:09:23,147 [INFO] PluginManager:220 - loadIPPluginJar : add i3c
2024-09-03 09:09:23,302 [INFO] ThirdPartyUpdaterWithRetryManager:70 - Updater plugin not ready yet. [2/15]
2024-09-03 09:09:23,341 [INFO] IPUIPlugin:80 - create IPUIPlugin
2024-09-03 09:09:23,341 [INFO] PluginManager:220 - loadIPPluginJar : add ipddr
2024-09-03 09:09:23,530 [INFO] IPUIPlugin:80 - create IPUIPlugin
2024-09-03 09:09:23,530 [INFO] PluginManager:220 - loadIPPluginJar : add linkedlist
2024-09-03 09:09:23,601 [INFO] IPUIPlugin:80 - create IPUIPlugin
2024-09-03 09:09:23,602 [INFO] PluginManager:220 - loadIPPluginJar : add lorawan
2024-09-03 09:09:23,680 [INFO] IPUIPlugin:80 - create IPUIPlugin
2024-09-03 09:09:23,680 [INFO] PluginManager:220 - loadIPPluginJar : add ltdc
2024-09-03 09:09:23,710 [INFO] IPUIPlugin:80 - create IPUIPlugin
2024-09-03 09:09:23,711 [INFO] PluginManager:220 - loadIPPluginJar : add mdma
2024-09-03 09:09:23,736 [INFO] IPUIPlugin:80 - create IPUIPlugin
2024-09-03 09:09:23,736 [INFO] PluginManager:220 - loadIPPluginJar : add nvic
2024-09-03 09:09:23,822 [INFO] IPUIPlugin:80 - create IPUIPlugin
2024-09-03 09:09:23,822 [INFO] PluginManager:220 - loadIPPluginJar : add opamp
2024-09-03 09:09:23,963 [INFO] IPUIPlugin:80 - create IPUIPlugin
2024-09-03 09:09:23,964 [INFO] PluginManager:220 - loadIPPluginJar : add openamp
2024-09-03 09:09:24,065 [INFO] IPUIPlugin:80 - create IPUIPlugin
2024-09-03 09:09:24,065 [INFO] PluginManager:220 - loadIPPluginJar : add pdm2pcm
2024-09-03 09:09:24,093 [INFO] IPUIPlugin:80 - create IPUIPlugin
2024-09-03 09:09:24,097 [INFO] PluginManager:220 - loadIPPluginJar : add plateformsettings
2024-09-03 09:09:24,141 [INFO] IPUIPlugin:80 - create IPUIPlugin
2024-09-03 09:09:24,141 [INFO] PluginManager:220 - loadIPPluginJar : add quadspi
2024-09-03 09:09:24,192 [INFO] IPUIPlugin:80 - create IPUIPlugin
2024-09-03 09:09:24,193 [INFO] PluginManager:220 - loadIPPluginJar : add radio
2024-09-03 09:09:24,216 [INFO] IPUIPlugin:80 - create IPUIPlugin
2024-09-03 09:09:24,216 [INFO] PluginManager:220 - loadIPPluginJar : add resmgrutility
2024-09-03 09:09:24,303 [INFO] IPUIPlugin:80 - create IPUIPlugin
2024-09-03 09:09:24,303 [INFO] PluginManager:220 - loadIPPluginJar : add sai
2024-09-03 09:09:24,380 [INFO] IPUIPlugin:80 - create IPUIPlugin
2024-09-03 09:09:24,380 [INFO] PluginManager:220 - loadIPPluginJar : add spi
2024-09-03 09:09:24,519 [INFO] IPUIPlugin:80 - create IPUIPlugin
2024-09-03 09:09:24,519 [INFO] PluginManager:220 - loadIPPluginJar : add stm32_wpan
2024-09-03 09:09:24,563 [INFO] IPUIPlugin:80 - create IPUIPlugin
2024-09-03 09:09:24,564 [INFO] PluginManager:220 - loadIPPluginJar : add tim
2024-09-03 09:09:24,675 [INFO] IPUIPlugin:80 - create IPUIPlugin
2024-09-03 09:09:24,676 [INFO] PluginManager:220 - loadIPPluginJar : add touchsensing
2024-09-03 09:09:24,716 [INFO] IPUIPlugin:80 - create IPUIPlugin
2024-09-03 09:09:24,716 [INFO] PluginManager:220 - loadIPPluginJar : add tracer_emb
2024-09-03 09:09:24,763 [INFO] IPUIPlugin:80 - create IPUIPlugin
2024-09-03 09:09:24,763 [INFO] PluginManager:220 - loadIPPluginJar : add ts
2024-09-03 09:09:24,811 [INFO] IPUIPlugin:80 - create IPUIPlugin
2024-09-03 09:09:24,811 [INFO] PluginManager:220 - loadIPPluginJar : add tsc
2024-09-03 09:09:24,853 [INFO] IPUIPlugin:80 - create IPUIPlugin
2024-09-03 09:09:24,854 [INFO] PluginManager:220 - loadIPPluginJar : add ucpd
2024-09-03 09:09:24,936 [INFO] IPUIPlugin:80 - create IPUIPlugin
2024-09-03 09:09:24,937 [INFO] PluginManager:220 - loadIPPluginJar : add usart
2024-09-03 09:09:25,017 [INFO] IPUIPlugin:80 - create IPUIPlugin
2024-09-03 09:09:25,017 [INFO] PluginManager:220 - loadIPPluginJar : add usbx
2024-09-03 09:09:25,185 [INFO] CADModel:165 - CPN selected for project level
2024-09-03 09:09:25,185 [INFO] CADModel:114 - Register for checkConnection events
2024-09-03 09:09:25,185 [FATAL] Updater:334 - Updater called before beeing initialized
2024-09-03 09:09:25,185 [ERROR] CADModel:125 - Updater not yet initialized, retry later 
2024-09-03 09:09:25,475 [INFO] CADModel:165 - CPN selected for project level
2024-09-03 09:09:25,475 [INFO] CADModel:114 - Register for checkConnection events
2024-09-03 09:09:25,475 [FATAL] Updater:334 - Updater called before beeing initialized
2024-09-03 09:09:25,475 [ERROR] CADModel:125 - Updater not yet initialized, retry later 
2024-09-03 09:09:25,481 [FATAL] Updater:334 - Updater called before beeing initialized
2024-09-03 09:09:25,697 [FATAL] Updater:334 - Updater called before beeing initialized
2024-09-03 09:09:25,715 [INFO] DbMcusAds:53 - JSON generation date=Thu May 16 10:22:00 BST 2024 (1715851320667)
2024-09-03 09:09:25,715 [FATAL] Updater:334 - Updater called before beeing initialized
2024-09-03 09:09:25,782 [WARN] DetailPanel:346 - Failed to get advertising image, set to default
2024-09-03 09:09:25,938 [FATAL] Updater:334 - Updater called before beeing initialized
2024-09-03 09:09:25,942 [FATAL] Updater:334 - Updater called before beeing initialized
2024-09-03 09:09:25,942 [FATAL] Updater:334 - Updater called before beeing initialized
2024-09-03 09:09:25,942 [WARN] DetailPanel:346 - Failed to get advertising image, set to default
2024-09-03 09:09:25,944 [FATAL] Updater:334 - Updater called before beeing initialized
2024-09-03 09:09:26,055 [ERROR] Updater:1164 - MainUpdater not yet initialized. External WinMGr cannot be set.
2024-09-03 09:09:26,073 [INFO] Updater:1100 - Updater Version found : 6.12.0
2024-09-03 09:09:26,102 [INFO] ApplicationProperties:184 - Using Application install path: C:\ST\STM32CubeIDE_1.16.0\STM32CubeIDE\plugins\com.st.stm32cube.common.mx_6.12.0.202406281431
2024-09-03 09:09:26,304 [INFO] ThirdPartyUpdaterWithRetryManager:70 - Updater plugin not ready yet. [3/15]
2024-09-03 09:09:26,579 [INFO] MainUpdater:2873 - connection check result : 10
2024-09-03 09:09:26,580 [INFO] MainUpdater:3567 - Updater definition file requires update
2024-09-03 09:09:26,581 [INFO] MainUpdater:290 - Updater Check For Update Now.
2024-09-03 09:09:26,581 [INFO] MicroXplorer:498 - Change Database Version : DB.6.0.120
2024-09-03 09:09:26,607 [INFO] McuFinderGlobals:63 - Set McuFinder mode to 2 (CubeIDE integrated)
2024-09-03 09:09:26,608 [INFO] UserAuth:179 - activating auth plugin
2024-09-03 09:09:26,612 [INFO] UserAuth:417 - Internet connection configuration mode: 1
2024-09-03 09:09:26,654 [INFO] JxBrowserEngine:152 - Initiate JxBrowser Engine with user profile folder
2024-09-03 09:09:26,671 [INFO] ServerAccessManage:473 - Download File updaters.zip
2024-09-03 09:09:26,798 [INFO] FileExtend:240 - Unzip File : updaters.zip
2024-09-03 09:09:26,798 [INFO] FileExtend:255 - Standard Zip Deflate
2024-09-03 09:09:28,003 [INFO] ServerAccessManage:473 - Download File PacksControlFlags.xml
2024-09-03 09:09:28,421 [INFO] ServerAccessManage:473 - Download File cubemx.pidx
2024-09-03 09:09:29,333 [WARN] MainUpdater:1194 - Updater busy. Cannot search thirdparties
2024-09-03 09:09:29,334 [INFO] ThirdPartyUpdaterWithRetryManager:96 - Updater plugin is busy. [1/15]
2024-09-03 09:09:30,775 [INFO] ServerAccessManage:473 - Download File STMicroelectronics.X-CUBE-MEMS1.pdsc
2024-09-03 09:09:32,335 [WARN] MainUpdater:1194 - Updater busy. Cannot search thirdparties
2024-09-03 09:09:32,335 [INFO] ThirdPartyUpdaterWithRetryManager:96 - Updater plugin is busy. [2/15]
2024-09-03 09:09:32,862 [INFO] ServerAccessManage:473 - Download File STMicroelectronics.X-CUBE-AZRTOS-H7.pdsc
2024-09-03 09:09:34,299 [INFO] WebApp:167 - Instantiating new browser for Auth
2024-09-03 09:09:35,206 [WARN] PackLoader:240 - Cannot read IP mode file for STMicroelectronics.X-CUBE-MEMS1.11.0.0
2024-09-03 09:09:35,241 [INFO] CheckServerUpdateThread:120 - End of CheckServer Thread
2024-09-03 09:09:35,640 [WARN] PackLoader:240 - Cannot read IP mode file for STMicroelectronics.X-CUBE-AZRTOS-H7.3.3.0
2024-09-03 09:09:35,651 [INFO] PopulateThirdPartyThread:66 - Ending populate Thread
2024-09-03 09:09:35,653 [INFO] ThirdParty:1030 - CMSIS Pack Vendor :STMicroelectronics X-CUBE-AZRTOS-H7 3.3.0
2024-09-03 09:09:35,653 [INFO] ThirdParty:1030 - CMSIS Pack Vendor :STMicroelectronics X-CUBE-MEMS1 11.0.0
2024-09-03 09:09:35,654 [INFO] LoadServerUpdatesThread:375 - End of LoadServerUpdate Thread
2024-09-03 09:09:35,979 [WARN] PackLoader:240 - Cannot read IP mode file for STMicroelectronics.FP-SNS-MOTENVWB1.1.4.0
2024-09-03 09:09:36,010 [WARN] PackLoader:240 - Cannot read IP mode file for STMicroelectronics.X-CUBE-SMBUS.2.1.0
2024-09-03 09:09:36,082 [WARN] PackLoader:240 - Cannot read IP mode file for STMicroelectronics.X-CUBE-AZRTOS-F7.1.1.0
2024-09-03 09:09:36,191 [WARN] PackLoader:240 - Cannot read IP mode file for STMicroelectronics.X-CUBE-MEMS1.11.0.0
2024-09-03 09:09:36,288 [INFO] WebApp:448 - Apply proxy settings
2024-09-03 09:09:36,289 [INFO] WebApp:533 - Chromium requires no authentication
2024-09-03 09:09:36,320 [INFO] WebApp:476 - Direct internet connection detected
2024-09-03 09:09:36,448 [INFO] WebApp:869 - Register for checkConnection events
2024-09-03 09:09:36,448 [INFO] WebApp:448 - Apply proxy settings
2024-09-03 09:09:36,448 [INFO] WebApp:533 - Chromium requires no authentication
2024-09-03 09:09:36,449 [INFO] WebApp:476 - Direct internet connection detected
2024-09-03 09:09:36,580 [WARN] PackLoader:240 - Cannot read IP mode file for STMicroelectronics.FP-SNS-FLIGHT1.5.0.2
2024-09-03 09:09:36,636 [WARN] PackLoader:240 - Cannot read IP mode file for STMicroelectronics.X-CUBE-DISPLAY.3.0.0
2024-09-03 09:09:36,683 [WARN] PackLoader:240 - Cannot read IP mode file for STMicroelectronics.X-CUBE-BLE1.7.0.0
2024-09-03 09:09:36,739 [WARN] PackLoader:240 - Cannot read IP mode file for emotas.I-CUBE-CANOPEN.1.3.0
2024-09-03 09:09:36,791 [WARN] PackLoader:240 - Cannot read IP mode file for STMicroelectronics.X-CUBE-BLEMGR.3.1.0
2024-09-03 09:09:36,831 [WARN] PackLoader:240 - Cannot read IP mode file for STMicroelectronics.FP-SNS-SMARTAG2.1.2.0
2024-09-03 09:09:36,891 [INFO] WebApp:186 - Connection restablished
2024-09-03 09:09:36,902 [INFO] LogOutputStream:77 - [STDOUT_REDIRECT] 1 : Invalid condition id : UX_CORESTACK_Condition cause : null
2024-09-03 09:09:36,903 [INFO] LogOutputStream:77 - [STDOUT_REDIRECT] 1 : Invalid condition id : UX_CORESTACK_Condition cause : null
2024-09-03 09:09:36,908 [INFO] LogOutputStream:77 - [STDOUT_REDIRECT] 1 : Invalid condition id : UX_CORESTACK_Condition cause : null
2024-09-03 09:09:36,911 [INFO] LogOutputStream:77 - [STDOUT_REDIRECT] 1 : Invalid condition id : UX_CORESTACK_Condition cause : null
2024-09-03 09:09:36,914 [INFO] LogOutputStream:77 - [STDOUT_REDIRECT] 1 : Invalid condition id : UX_CORESTACK_Condition cause : null
2024-09-03 09:09:36,924 [WARN] PackLoader:240 - Cannot read IP mode file for STMicroelectronics.X-CUBE-AZRTOS-WL.2.0.0
2024-09-03 09:09:36,961 [WARN] PackLoader:240 - Cannot read IP mode file for STMicroelectronics.FP-SNS-MOTENV1.5.0.0
2024-09-03 09:09:36,977 [WARN] PackLoader:240 - Cannot read IP mode file for wolfSSL.I-CUBE-wolfMQTT.1.19.0
2024-09-03 09:09:37,020 [WARN] PackLoader:240 - Cannot read IP mode file for WES.I-CUBE-Cesium.1.3.0
2024-09-03 09:09:37,067 [WARN] PackLoader:240 - Cannot read IP mode file for STMicroelectronics.X-CUBE-BLE2.3.3.0
2024-09-03 09:09:37,115 [WARN] PackLoader:240 - Cannot read IP mode file for STMicroelectronics.X-CUBE-TCPP.4.1.0
2024-09-03 09:09:37,212 [WARN] PackLoader:240 - Cannot read IP mode file for STMicroelectronics.X-CUBE-AZRTOS-G0.1.1.0
2024-09-03 09:09:37,289 [WARN] PackLoader:240 - Cannot read IP mode file for STMicroelectronics.X-CUBE-SAFEA1.1.2.2
2024-09-03 09:09:37,375 [WARN] PackLoader:240 - Cannot read IP mode file for STMicroelectronics.X-CUBE-NFC4.3.0.0
2024-09-03 09:09:37,378 [INFO] WebApp:220 - Starting web application
2024-09-03 09:09:37,379 [INFO] WebApp:578 - Web application path used C:\ST\STM32CubeIDE_1.16.0\STM32CubeIDE\plugins\com.st.stm32cube.common.mx_6.12.0.202406281431\db\plugins\mcufinder\reactClient1\index.html
2024-09-03 09:09:37,428 [WARN] PackLoader:240 - Cannot read IP mode file for EmbeddedOffice.I-CUBE-FS-RTOS.1.0.1
2024-09-03 09:09:37,429 [ERROR] ConditionMgr:805 - Attr not supported : Dmpu
2024-09-03 09:09:37,429 [ERROR] ConditionMgr:805 - Attr not supported : Dmpu
2024-09-03 09:09:37,430 [ERROR] ConditionMgr:805 - Attr not supported : Dmpu
2024-09-03 09:09:37,430 [ERROR] ConditionMgr:805 - Attr not supported : Dmpu
2024-09-03 09:09:37,430 [ERROR] ConditionMgr:805 - Attr not supported : Dmpu
2024-09-03 09:09:37,430 [ERROR] ConditionMgr:805 - Attr not supported : Dmpu
2024-09-03 09:09:37,431 [ERROR] ConditionMgr:805 - Attr not supported : Dmpu
2024-09-03 09:09:37,431 [ERROR] ConditionMgr:805 - Attr not supported : Dmpu
2024-09-03 09:09:37,431 [ERROR] ConditionMgr:805 - Attr not supported : Dmpu
2024-09-03 09:09:37,431 [ERROR] ConditionMgr:805 - Attr not supported : Dmpu
2024-09-03 09:09:37,432 [ERROR] ConditionMgr:805 - Attr not supported : Dmpu
2024-09-03 09:09:37,432 [ERROR] ConditionMgr:805 - Attr not supported : Dmpu
2024-09-03 09:09:37,432 [ERROR] ConditionMgr:805 - Attr not supported : Dmpu
2024-09-03 09:09:37,433 [ERROR] ConditionMgr:805 - Attr not supported : Dmpu
2024-09-03 09:09:37,433 [ERROR] ConditionMgr:805 - Attr not supported : Dmpu
2024-09-03 09:09:37,433 [ERROR] ConditionMgr:805 - Attr not supported : Dmpu
2024-09-03 09:09:37,434 [ERROR] ConditionMgr:805 - Attr not supported : Dmpu
2024-09-03 09:09:37,434 [ERROR] ConditionMgr:805 - Attr not supported : Dmpu
2024-09-03 09:09:37,435 [ERROR] ConditionMgr:805 - Attr not supported : Dmpu
2024-09-03 09:09:37,436 [ERROR] ConditionMgr:805 - Attr not supported : Dmpu
2024-09-03 09:09:37,436 [ERROR] ConditionMgr:805 - Attr not supported : Dmpu
2024-09-03 09:09:37,436 [ERROR] ConditionMgr:805 - Attr not supported : Dmpu
2024-09-03 09:09:37,437 [ERROR] ConditionMgr:805 - Attr not supported : Dmpu
2024-09-03 09:09:37,437 [ERROR] ConditionMgr:805 - Attr not supported : Dmpu
2024-09-03 09:09:37,437 [ERROR] ConditionMgr:805 - Attr not supported : Dmpu
2024-09-03 09:09:37,437 [ERROR] ConditionMgr:805 - Attr not supported : Dmpu
2024-09-03 09:09:37,437 [ERROR] ConditionMgr:805 - Attr not supported : Dmpu
2024-09-03 09:09:37,437 [ERROR] ConditionMgr:805 - Attr not supported : Dmpu
2024-09-03 09:09:37,438 [ERROR] ConditionMgr:805 - Attr not supported : Dmpu
2024-09-03 09:09:37,438 [ERROR] ConditionMgr:805 - Attr not supported : Dmpu
2024-09-03 09:09:37,438 [ERROR] ConditionMgr:805 - Attr not supported : Dmpu
2024-09-03 09:09:37,438 [ERROR] ConditionMgr:805 - Attr not supported : Dmpu
2024-09-03 09:09:37,438 [ERROR] ConditionMgr:805 - Attr not supported : Dmpu
2024-09-03 09:09:37,438 [ERROR] ConditionMgr:805 - Attr not supported : Dmpu
2024-09-03 09:09:37,438 [ERROR] ConditionMgr:805 - Attr not supported : Dmpu
2024-09-03 09:09:37,438 [ERROR] ConditionMgr:805 - Attr not supported : Dmpu
2024-09-03 09:09:37,439 [ERROR] ConditionMgr:805 - Attr not supported : Dmpu
2024-09-03 09:09:37,439 [ERROR] ConditionMgr:805 - Attr not supported : Dmpu
2024-09-03 09:09:37,439 [ERROR] ConditionMgr:805 - Attr not supported : Dmpu
2024-09-03 09:09:37,439 [ERROR] ConditionMgr:805 - Attr not supported : Dmpu
2024-09-03 09:09:37,439 [ERROR] ConditionMgr:805 - Attr not supported : Dmpu
2024-09-03 09:09:37,439 [ERROR] ConditionMgr:805 - Attr not supported : Dmpu
2024-09-03 09:09:37,439 [ERROR] ConditionMgr:805 - Attr not supported : Dmpu
2024-09-03 09:09:37,440 [ERROR] ConditionMgr:805 - Attr not supported : Dmpu
2024-09-03 09:09:37,440 [ERROR] ConditionMgr:805 - Attr not supported : Dmpu
2024-09-03 09:09:37,440 [ERROR] ConditionMgr:805 - Attr not supported : Dmpu
2024-09-03 09:09:37,440 [ERROR] ConditionMgr:805 - Attr not supported : Dmpu
2024-09-03 09:09:37,441 [ERROR] ConditionMgr:805 - Attr not supported : Dmpu
2024-09-03 09:09:37,441 [ERROR] ConditionMgr:805 - Attr not supported : Dmpu
2024-09-03 09:09:37,441 [ERROR] ConditionMgr:805 - Attr not supported : Dmpu
2024-09-03 09:09:37,442 [ERROR] ConditionMgr:805 - Attr not supported : Dmpu
2024-09-03 09:09:37,443 [ERROR] ConditionMgr:805 - Attr not supported : Dmpu
2024-09-03 09:09:37,445 [ERROR] ConditionMgr:805 - Attr not supported : Dmpu
2024-09-03 09:09:37,449 [ERROR] ConditionMgr:805 - Attr not supported : Dmpu
2024-09-03 09:09:37,454 [ERROR] ConditionMgr:805 - Attr not supported : Dmpu
2024-09-03 09:09:37,455 [ERROR] ConditionMgr:805 - Attr not supported : Dmpu
2024-09-03 09:09:37,455 [ERROR] ConditionMgr:805 - Attr not supported : Dmpu
2024-09-03 09:09:37,455 [ERROR] ConditionMgr:805 - Attr not supported : Dmpu
2024-09-03 09:09:37,455 [ERROR] ConditionMgr:805 - Attr not supported : Dmpu
2024-09-03 09:09:37,455 [ERROR] ConditionMgr:805 - Attr not supported : Dmpu
2024-09-03 09:09:37,456 [ERROR] ConditionMgr:805 - Attr not supported : Dmpu
2024-09-03 09:09:37,456 [ERROR] ConditionMgr:805 - Attr not supported : Dmpu
2024-09-03 09:09:37,456 [ERROR] ConditionMgr:805 - Attr not supported : Dmpu
2024-09-03 09:09:37,456 [ERROR] ConditionMgr:805 - Attr not supported : Dmpu
2024-09-03 09:09:37,540 [WARN] PackLoader:240 - Cannot read IP mode file for RealThread.X-CUBE-RT-Thread_Nano.4.1.1
2024-09-03 09:09:37,682 [WARN] PackLoader:240 - Cannot read IP mode file for STMicroelectronics.FP-ATR-SIGFOX1.3.2.0
2024-09-03 09:09:37,716 [WARN] PackLoader:240 - Cannot read IP mode file for wolfSSL.I-CUBE-wolfSSL.5.7.2
2024-09-03 09:09:37,754 [WARN] PackLoader:240 - Cannot read IP mode file for STMicroelectronics.X-CUBE-EEPRMA1.5.1.0
2024-09-03 09:09:37,836 [WARN] PackLoader:240 - Cannot read IP mode file for ITTIA_DB.I-CUBE-ITTIADB.8.9.0
2024-09-03 09:09:37,974 [WARN] PackLoader:240 - Cannot read IP mode file for SEGGER.I-CUBE-embOS.1.3.1
2024-09-03 09:09:38,081 [WARN] PackLoader:240 - Cannot read IP mode file for STMicroelectronics.X-CUBE-ALGOBUILD.1.4.0
2024-09-03 09:09:38,116 [WARN] PackLoader:240 - Cannot read IP mode file for STMicroelectronics.X-CUBE-GNSS1.6.0.0
2024-09-03 09:09:38,189 [WARN] PackLoader:240 - Cannot read IP mode file for STMicroelectronics.X-CUBE-AZRTOS-F4.1.1.0
2024-09-03 09:09:38,228 [WARN] PackLoader:240 - Cannot read IP mode file for STMicroelectronics.X-CUBE-FREERTOS.1.2.0
2024-09-03 09:09:38,278 [WARN] PackLoader:240 - Cannot read IP mode file for STMicroelectronics.X-CUBE-AZRTOS-L5.2.0.0
2024-09-03 09:09:38,312 [WARN] PackLoader:240 - Cannot read IP mode file for STMicroelectronics.X-CUBE-NFC6.3.1.0
2024-09-03 09:09:38,340 [WARN] PackLoader:240 - Cannot read IP mode file for STMicroelectronics.X-CUBE-DPower.1.2.0
2024-09-03 09:09:38,369 [WARN] PackLoader:240 - Cannot read IP mode file for STMicroelectronics.X-CUBE-AI.9.0.0
2024-09-03 09:09:38,397 [WARN] PackLoader:240 - Cannot read IP mode file for STMicroelectronics.X-CUBE-NFC7.1.0.1
2024-09-03 09:09:38,406 [WARN] PackLoader:240 - Cannot read IP mode file for wolfSSL.I-CUBE-wolfTPM.3.2.0
2024-09-03 09:09:38,466 [WARN] ConditionMgr:438 - getConditionDescription Invalid condition id : LAN8742 Phy interface Condition cause : null
2024-09-03 09:09:38,467 [WARN] PackLoader:240 - Cannot read IP mode file for STMicroelectronics.X-CUBE-AZRTOS-L4.2.0.0
2024-09-03 09:09:38,469 [WARN] ConditionMgr:1039 - genDependencies : Invalid condition id : LAN8742 Phy interface Condition cause : null
2024-09-03 09:09:38,469 [WARN] ConditionMgr:1039 - genDependencies : Invalid condition id : LAN8742 Phy interface Condition cause : null
2024-09-03 09:09:38,470 [WARN] ConditionMgr:1039 - genDependencies : Invalid condition id : LAN8742 Phy interface Condition cause : null
2024-09-03 09:09:38,499 [WARN] PackLoader:240 - Cannot read IP mode file for STMicroelectronics.X-CUBE-SFXS2LP1.4.0.0
2024-09-03 09:09:38,526 [WARN] PackLoader:240 - Cannot read IP mode file for STMicroelectronics.X-CUBE-AZRTOS-H7.3.3.0
2024-09-03 09:09:38,574 [WARN] ConditionMgr:438 - getConditionDescription Invalid condition id : UX DEVICE CLASS RTOS Condition cause : null
2024-09-03 09:09:38,576 [WARN] ConditionMgr:438 - getConditionDescription Invalid condition id : UX DEVICE CLASS RTOS Condition cause : null
2024-09-03 09:09:38,583 [WARN] PackLoader:240 - Cannot read IP mode file for STMicroelectronics.X-CUBE-AZRTOS-WB.2.0.0
2024-09-03 09:09:38,585 [WARN] ConditionMgr:1039 - genDependencies : Invalid condition id : UX DEVICE CLASS RTOS Condition cause : null
2024-09-03 09:09:38,585 [WARN] ConditionMgr:1039 - genDependencies : Invalid condition id : UX DEVICE CLASS RTOS Condition cause : null
2024-09-03 09:09:38,586 [WARN] ConditionMgr:1039 - genDependencies : Invalid condition id : UX DEVICE CLASS RTOS Condition cause : null
2024-09-03 09:09:38,588 [WARN] ConditionMgr:1039 - genDependencies : Invalid condition id : UX DEVICE CLASS RTOS Condition cause : null
2024-09-03 09:09:38,588 [WARN] ConditionMgr:1039 - genDependencies : Invalid condition id : UX DEVICE CLASS RTOS Condition cause : null
2024-09-03 09:09:38,623 [WARN] PackLoader:240 - Cannot read IP mode file for STMicroelectronics.FP-SNS-STBOX1.2.0.0
2024-09-03 09:09:38,663 [WARN] PackLoader:240 - Cannot read IP mode file for STMicroelectronics.X-CUBE-SUBG2.5.0.0
2024-09-03 09:09:38,678 [WARN] PackLoader:240 - Cannot read IP mode file for Cesanta.I-CUBE-Mongoose.7.13.0
2024-09-03 09:09:38,730 [WARN] PackLoader:240 - Cannot read IP mode file for STMicroelectronics.X-CUBE-AZRTOS-G4.2.0.0
2024-09-03 09:09:38,765 [WARN] PackLoader:240 - Cannot read IP mode file for STMicroelectronics.X-CUBE-ISPU.2.0.0
2024-09-03 09:09:38,797 [WARN] PackLoader:240 - Cannot read IP mode file for STMicroelectronics.X-CUBE-ALS.1.0.2
2024-09-03 09:09:38,942 [WARN] PackLoader:240 - Cannot read IP mode file for STMicroelectronics.X-CUBE-MEMS1.10.0.0
2024-09-03 09:09:39,136 [WARN] PackLoader:240 - Cannot read IP mode file for STMicroelectronics.X-CUBE-TOUCHGFX.4.24.0
2024-09-03 09:09:39,160 [WARN] PackLoader:240 - Cannot read IP mode file for portGmbH.I-Cube-SoM-uGOAL.1.1.0
2024-09-03 09:09:39,215 [WARN] PackLoader:240 - Cannot read IP mode file for STMicroelectronics.X-CUBE-AZRTOS-H7RS.1.0.0
2024-09-03 09:09:39,237 [WARN] PackLoader:240 - Cannot read IP mode file for STMicroelectronics.FP-ATR-ASTRA1.2.0.0
2024-09-03 09:09:39,271 [WARN] PackLoader:240 - Cannot read IP mode file for STMicroelectronics.X-CUBE-TOF1.3.4.2
2024-09-03 09:09:39,329 [WARN] PackLoader:240 - Cannot read IP mode file for STMicroelectronics.X-CUBE-AZRTOS-H7.3.2.0
2024-09-03 09:09:39,368 [WARN] PackLoader:240 - Cannot read IP mode file for Infineon.AIROC-Wi-Fi-Bluetooth-STM32.1.6.0
2024-09-03 09:09:39,380 [WARN] PackLoader:240 - Cannot read IP mode file for wolfSSL.I-CUBE-wolfSSH.1.4.17
2024-09-03 09:09:39,381 [INFO] ThirdParty:978 - Integrity check success = true
2024-09-03 09:09:39,381 [INFO] IntegrityCheckThread:100 - exiting critical section [integrity check]
2024-09-03 09:09:39,381 [INFO] IntegrityCheckThread:103 - End integrity checks thread
2024-09-03 13:10:03,233 [INFO] WebApp:189 - Connection lost
2024-09-03 14:38:11,297 [INFO] WebApp:388 - JxBrowser engine has been closed 
