2024-09-06 06:56:08,842 [INFO] Activator:176 - 


2024-09-06 06:56:08,853 [INFO] Activator:177 - !SESSION log4j initialized
2024-09-06 06:56:16,836 [INFO] LogOutputStream:77 - [STDOUT_REDIRECT] 
2024-09-06 06:56:17,266 [ERROR] ConfigurationRetriever:142 - IOException on connection: sw-center.st.com
2024-09-06 06:56:17,266 [ERROR] ConfigurationRetriever:142 - IOException on connection: sw-center.st.com
2024-09-06 06:56:17,266 [ERROR] ConfigurationRetriever:142 - IOException on connection: sw-center.st.com
2024-09-06 06:56:17,276 [ERROR] ConfigurationRetriever:142 - IOException on connection: sw-center.st.com
2024-09-06 06:56:17,276 [ERROR] ConfigurationRetriever:142 - IOException on connection: sw-center.st.com
2024-09-06 06:56:17,276 [ERROR] ConfigurationRetriever:142 - IOException on connection: sw-center.st.com
2024-09-06 06:56:18,580 [INFO] ApplicationProperties:184 - Using Application install path: C:\ST\STM32CubeIDE_1.16.0\STM32CubeIDE\plugins\com.st.stm32cube.common.mx_6.12.0.202406281431
2024-09-06 06:56:18,605 [INFO] DbMcusXml:78 - Set database path to: C:\ST\STM32CubeIDE_1.16.0\STM32CubeIDE\plugins\com.st.stm32cube.common.mx_6.12.0.202406281431\\db\/mcu/
2024-09-06 06:56:18,606 [INFO] ApiDb:274 - Set plugin database path to: C:\ST\STM32CubeIDE_1.16.0\STM32CubeIDE\plugins\com.st.stm32cube.common.mx_6.12.0.202406281431\\db\/plugins/boardmanager/
2024-09-06 06:56:18,606 [WARN] ApiDb:259 - Overriding images path with different value:  => C:\ST\STM32CubeIDE_1.16.0\STM32CubeIDE\plugins\com.st.stm32cube.common.mx_6.12.0.202406281431\\db\/plugins/mcufinder/images/
2024-09-06 06:56:18,628 [INFO] ApiDb:250 - Set database path to: C:\Users\jayansola.KANE\.stmcufinder\plugins\mcufinder//mcu/
2024-09-06 06:56:18,630 [INFO] DbMcusAds:125 - Set database path to: C:\Users\jayansola.KANE\.stmcufinder\plugins\mcufinder//mcu/
2024-09-06 06:56:18,633 [INFO] CrossReferenceDbSqlite:203 - Set database path to: C:\Users\jayansola.KANE\.stmcufinder\plugins\mcufinder//mcu/cs/
2024-09-06 06:56:18,832 [INFO] RulesReader:64 - Compatibility file has been processed (297 Rules)
2024-09-06 06:56:18,972 [INFO] DbMcusXml:78 - Set database path to: C:\ST\STM32CubeIDE_1.16.0\STM32CubeIDE\plugins\com.st.stm32cube.common.mx_6.12.0.202406281431\\db\/mcu/
2024-09-06 06:56:18,972 [INFO] ApiDb:274 - Set plugin database path to: C:\ST\STM32CubeIDE_1.16.0\STM32CubeIDE\plugins\com.st.stm32cube.common.mx_6.12.0.202406281431\\db\/plugins/boardmanager/
2024-09-06 06:56:18,972 [INFO] ApiDb:261 - Set plugin images path to: C:\ST\STM32CubeIDE_1.16.0\STM32CubeIDE\plugins\com.st.stm32cube.common.mx_6.12.0.202406281431\\db\/plugins/mcufinder/images/
2024-09-06 06:56:18,972 [WARN] DbFile:41 - Overriding database path with different value: C:\Users\jayansola.KANE\.stmcufinder\plugins\mcufinder/ => C:\Users\jayansola.KANE\.stmcufinder\plugins\mcufinder
2024-09-06 06:56:18,973 [INFO] ApiDb:250 - Set database path to: C:\Users\jayansola.KANE\.stmcufinder\plugins\mcufinder//mcu/
2024-09-06 06:56:18,973 [WARN] DbFile:41 - Overriding database path with different value: C:\Users\jayansola.KANE\.stmcufinder\plugins\mcufinder/ => C:\Users\jayansola.KANE\.stmcufinder\plugins\mcufinder
2024-09-06 06:56:18,973 [INFO] DbMcusAds:125 - Set database path to: C:\Users\jayansola.KANE\.stmcufinder\plugins\mcufinder//mcu/
2024-09-06 06:56:18,973 [WARN] DbFile:41 - Overriding database path with different value: C:\Users\jayansola.KANE\.stmcufinder\plugins\mcufinder/ => C:\Users\jayansola.KANE\.stmcufinder\plugins\mcufinder
2024-09-06 06:56:18,973 [WARN] DbFile:41 - Overriding database path with different value: C:\Users\jayansola.KANE\.stmcufinder\plugins\mcufinder/ => C:\Users\jayansola.KANE\.stmcufinder\plugins\mcufinder
2024-09-06 06:56:18,973 [INFO] CrossReferenceDbSqlite:203 - Set database path to: C:\Users\jayansola.KANE\.stmcufinder\plugins\mcufinder//mcu/cs/
2024-09-06 06:56:19,121 [INFO] MainPanel:268 - HeapMemory: 268435456
2024-09-06 06:56:19,288 [INFO] DbMcusXml:78 - Set database path to: C:\ST\STM32CubeIDE_1.16.0\STM32CubeIDE\plugins\com.st.stm32cube.common.mx_6.12.0.202406281431\\db\/mcu/
2024-09-06 06:56:19,288 [INFO] ApiDb:274 - Set plugin database path to: C:\ST\STM32CubeIDE_1.16.0\STM32CubeIDE\plugins\com.st.stm32cube.common.mx_6.12.0.202406281431\\db\/plugins/boardmanager/
2024-09-06 06:56:19,288 [INFO] ApiDb:261 - Set plugin images path to: C:\ST\STM32CubeIDE_1.16.0\STM32CubeIDE\plugins\com.st.stm32cube.common.mx_6.12.0.202406281431\\db\/plugins/mcufinder/images/
2024-09-06 06:56:19,289 [WARN] DbFile:41 - Overriding database path with different value: C:\Users\jayansola.KANE\.stmcufinder\plugins\mcufinder/ => C:\Users\jayansola.KANE\.stmcufinder\plugins\mcufinder
2024-09-06 06:56:19,289 [INFO] ApiDb:250 - Set database path to: C:\Users\jayansola.KANE\.stmcufinder\plugins\mcufinder//mcu/
2024-09-06 06:56:19,289 [WARN] DbFile:41 - Overriding database path with different value: C:\Users\jayansola.KANE\.stmcufinder\plugins\mcufinder/ => C:\Users\jayansola.KANE\.stmcufinder\plugins\mcufinder
2024-09-06 06:56:19,289 [INFO] DbMcusAds:125 - Set database path to: C:\Users\jayansola.KANE\.stmcufinder\plugins\mcufinder//mcu/
2024-09-06 06:56:19,289 [WARN] DbFile:41 - Overriding database path with different value: C:\Users\jayansola.KANE\.stmcufinder\plugins\mcufinder/ => C:\Users\jayansola.KANE\.stmcufinder\plugins\mcufinder
2024-09-06 06:56:19,289 [WARN] DbFile:41 - Overriding database path with different value: C:\Users\jayansola.KANE\.stmcufinder\plugins\mcufinder/ => C:\Users\jayansola.KANE\.stmcufinder\plugins\mcufinder
2024-09-06 06:56:19,290 [INFO] CrossReferenceDbSqlite:203 - Set database path to: C:\Users\jayansola.KANE\.stmcufinder\plugins\mcufinder//mcu/cs/
2024-09-06 06:56:19,318 [INFO] ApplicationProperties:184 - Using Application install path: C:\ST\STM32CubeIDE_1.16.0\STM32CubeIDE\plugins\com.st.stm32cube.common.mx_6.12.0.202406281431
2024-09-06 06:56:19,320 [INFO] PluginManage:196 - Search for loadable plugins [exclusion list=, ]
2024-09-06 06:56:19,322 [INFO] PluginManage:310 - Check plugin analytics
2024-09-06 06:56:19,614 [INFO] AnalyticsPlugin:253 - Accepted Software Licenses: 
2024-09-06 06:56:19,614 [INFO] AnalyticsPlugin:255 - Accepted CMSIS Pack Licenses: 
2024-09-06 06:56:19,615 [INFO] AnalyticsPlugin:257 - Accepted Firmware Licenses: 
2024-09-06 06:56:19,618 [INFO] PluginManage:359 - Loaded plugin analytics (category:tool,tabindex:-1)
2024-09-06 06:56:19,619 [INFO] PluginManage:310 - Check plugin cadmodel
2024-09-06 06:56:19,619 [ERROR] ConfigurationRetriever:142 - IOException on connection: sw-center.st.com
2024-09-06 06:56:19,620 [ERROR] ConfigurationRetriever:142 - IOException on connection: sw-center.st.com
2024-09-06 06:56:19,621 [ERROR] ConfigurationRetriever:142 - IOException on connection: sw-center.st.com
2024-09-06 06:56:19,644 [INFO] CADModel:105 - Init CAD model plugin
2024-09-06 06:56:19,644 [INFO] PluginManage:359 - Loaded plugin cadmodel (category:power,tabindex:5)
2024-09-06 06:56:19,645 [INFO] PluginManage:310 - Check plugin clock
2024-09-06 06:56:19,680 [INFO] PluginManage:359 - Loaded plugin clock (category:base,tabindex:2)
2024-09-06 06:56:19,680 [INFO] PluginManage:310 - Check plugin ddr
2024-09-06 06:56:19,685 [INFO] PluginManage:359 - Loaded plugin ddr (category:tool,tabindex:6)
2024-09-06 06:56:19,686 [INFO] PluginManage:310 - Check plugin filemanager
2024-09-06 06:56:19,906 [INFO] PluginManage:359 - Loaded plugin filemanager (category:base,tabindex:10)
2024-09-06 06:56:19,906 [INFO] PluginManage:310 - Check plugin ipmanager
2024-09-06 06:56:19,920 [INFO] PluginManage:359 - Loaded plugin ipmanager (category:base,tabindex:5)
2024-09-06 06:56:19,920 [INFO] PluginManage:310 - Check plugin lpbam
2024-09-06 06:56:19,949 [INFO] PluginManage:359 - Loaded plugin lpbam (category:base,tabindex:0)
2024-09-06 06:56:19,949 [INFO] PluginManage:310 - Check plugin memorymap
2024-09-06 06:56:19,990 [INFO] PluginManage:359 - Loaded plugin memorymap (category:base,tabindex:4)
2024-09-06 06:56:19,990 [INFO] PluginManage:310 - Check plugin pinoutandconfiguration
2024-09-06 06:56:20,019 [INFO] PluginManage:359 - Loaded plugin pinoutandconfiguration (category:base,tabindex:1)
2024-09-06 06:56:20,019 [INFO] PluginManage:310 - Check plugin pinoutconfig
2024-09-06 06:56:20,166 [WARN] SupportedApi:132 - Cannot load RTOS API schema: s4s-elt-must-match.1: The content of 'definitions' must match (annotation?, (simpleType | complexType)?, (unique | key | keyref)*)). A problem was found starting at: attribute.
2024-09-06 06:56:20,365 [INFO] PluginManage:359 - Loaded plugin pinoutconfig (category:base,tabindex:0)
2024-09-06 06:56:20,365 [INFO] PluginManage:310 - Check plugin power
2024-09-06 06:56:20,397 [INFO] PluginManage:359 - Loaded plugin power (category:power,tabindex:4)
2024-09-06 06:56:20,397 [INFO] PluginManage:310 - Check plugin projectmanager
2024-09-06 06:56:20,424 [INFO] PluginManage:359 - Loaded plugin projectmanager (category:projectmanager,tabindex:4)
2024-09-06 06:56:20,424 [INFO] PluginManage:310 - Check plugin rif
2024-09-06 06:56:20,449 [INFO] PluginManage:359 - Loaded plugin rif (category:base,tabindex:3)
2024-09-06 06:56:20,449 [INFO] PluginManage:310 - Check plugin thirdparty
2024-09-06 06:56:20,847 [INFO] PluginManage:359 - Loaded plugin thirdparty (category:base,tabindex:-1)
2024-09-06 06:56:20,847 [WARN] IntegrityCheckThread:84 - waiting for thirdparty lock release [integrity check]
2024-09-06 06:56:20,847 [INFO] PluginManage:310 - Check plugin tools
2024-09-06 06:56:20,847 [INFO] IntegrityCheckThread:86 - entering critical section [integrity check]
2024-09-06 06:56:20,848 [INFO] ThirdPartyUpdaterWithRetryManager:70 - Updater plugin not ready yet. [1/15]
2024-09-06 06:56:20,906 [INFO] PluginManage:359 - Loaded plugin tools (category:base,tabindex:7)
2024-09-06 06:56:20,906 [INFO] PluginManage:310 - Check plugin tutovideos
2024-09-06 06:56:21,185 [INFO] PluginManage:359 - Loaded plugin tutovideos (category:base,tabindex:-1)
2024-09-06 06:56:21,185 [INFO] PluginManage:310 - Check plugin updater
2024-09-06 06:56:21,218 [INFO] PluginManage:359 - Loaded plugin updater (category:base,tabindex:12)
2024-09-06 06:56:21,218 [INFO] PluginManage:310 - Check plugin userauth
2024-09-06 06:56:21,227 [INFO] UserAuth:113 - Init User Auth plugin
2024-09-06 06:56:21,227 [INFO] PluginManage:359 - Loaded plugin userauth (category:base,tabindex:14)
2024-09-06 06:56:21,228 [INFO] PluginManage:283 - PluginManage : Loaded plugins [18]
2024-09-06 06:56:21,572 [INFO] PinOutPanel:1561 - setPackage(No Configuration,No Configuration)
2024-09-06 06:56:21,715 [INFO] CADModel:165 - CPN selected for project level
2024-09-06 06:56:21,716 [INFO] CADModel:114 - Register for checkConnection events
2024-09-06 06:56:21,759 [INFO] IPUIPlugin:80 - create IPUIPlugin
2024-09-06 06:56:21,759 [INFO] PluginManager:220 - loadIPPluginJar : add adc
2024-09-06 06:56:21,815 [INFO] IPUIPlugin:80 - create IPUIPlugin
2024-09-06 06:56:21,815 [INFO] PluginManager:220 - loadIPPluginJar : add aes
2024-09-06 06:56:21,878 [INFO] IPUIPlugin:80 - create IPUIPlugin
2024-09-06 06:56:21,879 [INFO] PluginManager:220 - loadIPPluginJar : add can
2024-09-06 06:56:21,914 [INFO] IPUIPlugin:80 - create IPUIPlugin
2024-09-06 06:56:21,915 [INFO] PluginManager:220 - loadIPPluginJar : add comp
2024-09-06 06:56:21,968 [INFO] IPUIPlugin:80 - create IPUIPlugin
2024-09-06 06:56:21,968 [INFO] PluginManager:220 - loadIPPluginJar : add cryp
2024-09-06 06:56:21,985 [INFO] IPUIPlugin:80 - create IPUIPlugin
2024-09-06 06:56:21,985 [INFO] PluginManager:220 - loadIPPluginJar : add ddr_ctrl_phy
2024-09-06 06:56:22,039 [INFO] IPUIPlugin:80 - create IPUIPlugin
2024-09-06 06:56:22,039 [INFO] PluginManager:220 - loadIPPluginJar : add dfsdm
2024-09-06 06:56:22,059 [INFO] IPUIPlugin:80 - create IPUIPlugin
2024-09-06 06:56:22,060 [INFO] PluginManager:220 - loadIPPluginJar : add dma
2024-09-06 06:56:22,132 [INFO] IPUIPlugin:80 - create IPUIPlugin
2024-09-06 06:56:22,132 [INFO] PluginManager:220 - loadIPPluginJar : add dma3
2024-09-06 06:56:22,202 [INFO] IPUIPlugin:80 - create IPUIPlugin
2024-09-06 06:56:22,202 [INFO] PluginManager:220 - loadIPPluginJar : add extmemmanager
2024-09-06 06:56:22,236 [INFO] IPUIPlugin:80 - create IPUIPlugin
2024-09-06 06:56:22,236 [INFO] PluginManager:220 - loadIPPluginJar : add fatfs
2024-09-06 06:56:22,310 [INFO] IPUIPlugin:80 - create IPUIPlugin
2024-09-06 06:56:22,310 [INFO] PluginManager:220 - loadIPPluginJar : add fmc
2024-09-06 06:56:22,334 [INFO] IPUIPlugin:80 - create IPUIPlugin
2024-09-06 06:56:22,335 [INFO] PluginManager:220 - loadIPPluginJar : add freertos
2024-09-06 06:56:22,371 [INFO] IPUIPlugin:80 - create IPUIPlugin
2024-09-06 06:56:22,371 [INFO] PluginManager:220 - loadIPPluginJar : add genericplugin
2024-09-06 06:56:22,527 [INFO] IPUIPlugin:80 - create IPUIPlugin
2024-09-06 06:56:22,528 [INFO] PluginManager:220 - loadIPPluginJar : add gfxmmu
2024-09-06 06:56:22,740 [INFO] IPUIPlugin:80 - create IPUIPlugin
2024-09-06 06:56:22,741 [INFO] PluginManager:220 - loadIPPluginJar : add gic
2024-09-06 06:56:22,760 [INFO] IPUIPlugin:80 - create IPUIPlugin
2024-09-06 06:56:22,760 [INFO] PluginManager:220 - loadIPPluginJar : add gpio
2024-09-06 06:56:22,901 [INFO] IPUIPlugin:80 - create IPUIPlugin
2024-09-06 06:56:22,901 [INFO] PluginManager:220 - loadIPPluginJar : add gtzc
2024-09-06 06:56:22,955 [INFO] IPUIPlugin:80 - create IPUIPlugin
2024-09-06 06:56:22,955 [INFO] PluginManager:220 - loadIPPluginJar : add hash
2024-09-06 06:56:23,040 [INFO] IPUIPlugin:80 - create IPUIPlugin
2024-09-06 06:56:23,040 [INFO] PluginManager:220 - loadIPPluginJar : add i2c
2024-09-06 06:56:23,099 [INFO] IPUIPlugin:80 - create IPUIPlugin
2024-09-06 06:56:23,100 [INFO] PluginManager:220 - loadIPPluginJar : add i2s
2024-09-06 06:56:23,162 [INFO] IPUIPlugin:80 - create IPUIPlugin
2024-09-06 06:56:23,162 [INFO] PluginManager:220 - loadIPPluginJar : add i3c
2024-09-06 06:56:23,311 [INFO] IPUIPlugin:80 - create IPUIPlugin
2024-09-06 06:56:23,311 [INFO] PluginManager:220 - loadIPPluginJar : add ipddr
2024-09-06 06:56:23,461 [INFO] IPUIPlugin:80 - create IPUIPlugin
2024-09-06 06:56:23,461 [INFO] PluginManager:220 - loadIPPluginJar : add linkedlist
2024-09-06 06:56:23,519 [INFO] IPUIPlugin:80 - create IPUIPlugin
2024-09-06 06:56:23,520 [INFO] PluginManager:220 - loadIPPluginJar : add lorawan
2024-09-06 06:56:23,577 [INFO] IPUIPlugin:80 - create IPUIPlugin
2024-09-06 06:56:23,577 [INFO] PluginManager:220 - loadIPPluginJar : add ltdc
2024-09-06 06:56:23,601 [INFO] IPUIPlugin:80 - create IPUIPlugin
2024-09-06 06:56:23,601 [INFO] PluginManager:220 - loadIPPluginJar : add mdma
2024-09-06 06:56:23,619 [INFO] IPUIPlugin:80 - create IPUIPlugin
2024-09-06 06:56:23,619 [INFO] PluginManager:220 - loadIPPluginJar : add nvic
2024-09-06 06:56:23,684 [INFO] IPUIPlugin:80 - create IPUIPlugin
2024-09-06 06:56:23,684 [INFO] PluginManager:220 - loadIPPluginJar : add opamp
2024-09-06 06:56:23,798 [INFO] IPUIPlugin:80 - create IPUIPlugin
2024-09-06 06:56:23,798 [INFO] PluginManager:220 - loadIPPluginJar : add openamp
2024-09-06 06:56:23,849 [INFO] ThirdPartyUpdaterWithRetryManager:70 - Updater plugin not ready yet. [2/15]
2024-09-06 06:56:23,880 [INFO] IPUIPlugin:80 - create IPUIPlugin
2024-09-06 06:56:23,880 [INFO] PluginManager:220 - loadIPPluginJar : add pdm2pcm
2024-09-06 06:56:23,903 [INFO] IPUIPlugin:80 - create IPUIPlugin
2024-09-06 06:56:23,907 [INFO] PluginManager:220 - loadIPPluginJar : add plateformsettings
2024-09-06 06:56:23,946 [INFO] IPUIPlugin:80 - create IPUIPlugin
2024-09-06 06:56:23,946 [INFO] PluginManager:220 - loadIPPluginJar : add quadspi
2024-09-06 06:56:23,988 [INFO] IPUIPlugin:80 - create IPUIPlugin
2024-09-06 06:56:23,989 [INFO] PluginManager:220 - loadIPPluginJar : add radio
2024-09-06 06:56:24,010 [INFO] IPUIPlugin:80 - create IPUIPlugin
2024-09-06 06:56:24,010 [INFO] PluginManager:220 - loadIPPluginJar : add resmgrutility
2024-09-06 06:56:24,084 [INFO] IPUIPlugin:80 - create IPUIPlugin
2024-09-06 06:56:24,085 [INFO] PluginManager:220 - loadIPPluginJar : add sai
2024-09-06 06:56:24,146 [INFO] IPUIPlugin:80 - create IPUIPlugin
2024-09-06 06:56:24,147 [INFO] PluginManager:220 - loadIPPluginJar : add spi
2024-09-06 06:56:24,259 [INFO] IPUIPlugin:80 - create IPUIPlugin
2024-09-06 06:56:24,259 [INFO] PluginManager:220 - loadIPPluginJar : add stm32_wpan
2024-09-06 06:56:24,297 [INFO] IPUIPlugin:80 - create IPUIPlugin
2024-09-06 06:56:24,298 [INFO] PluginManager:220 - loadIPPluginJar : add tim
2024-09-06 06:56:24,399 [INFO] IPUIPlugin:80 - create IPUIPlugin
2024-09-06 06:56:24,399 [INFO] PluginManager:220 - loadIPPluginJar : add touchsensing
2024-09-06 06:56:24,435 [INFO] IPUIPlugin:80 - create IPUIPlugin
2024-09-06 06:56:24,435 [INFO] PluginManager:220 - loadIPPluginJar : add tracer_emb
2024-09-06 06:56:24,471 [INFO] IPUIPlugin:80 - create IPUIPlugin
2024-09-06 06:56:24,472 [INFO] PluginManager:220 - loadIPPluginJar : add ts
2024-09-06 06:56:24,512 [INFO] IPUIPlugin:80 - create IPUIPlugin
2024-09-06 06:56:24,512 [INFO] PluginManager:220 - loadIPPluginJar : add tsc
2024-09-06 06:56:24,546 [INFO] IPUIPlugin:80 - create IPUIPlugin
2024-09-06 06:56:24,546 [INFO] PluginManager:220 - loadIPPluginJar : add ucpd
2024-09-06 06:56:24,612 [INFO] IPUIPlugin:80 - create IPUIPlugin
2024-09-06 06:56:24,612 [INFO] PluginManager:220 - loadIPPluginJar : add usart
2024-09-06 06:56:24,680 [INFO] IPUIPlugin:80 - create IPUIPlugin
2024-09-06 06:56:24,680 [INFO] PluginManager:220 - loadIPPluginJar : add usbx
2024-09-06 06:56:24,844 [INFO] CADModel:165 - CPN selected for project level
2024-09-06 06:56:24,844 [INFO] CADModel:114 - Register for checkConnection events
2024-09-06 06:56:24,844 [FATAL] Updater:334 - Updater called before beeing initialized
2024-09-06 06:56:24,845 [ERROR] CADModel:125 - Updater not yet initialized, retry later 
2024-09-06 06:56:25,070 [INFO] CADModel:165 - CPN selected for project level
2024-09-06 06:56:25,070 [INFO] CADModel:114 - Register for checkConnection events
2024-09-06 06:56:25,070 [FATAL] Updater:334 - Updater called before beeing initialized
2024-09-06 06:56:25,070 [ERROR] CADModel:125 - Updater not yet initialized, retry later 
2024-09-06 06:56:25,076 [FATAL] Updater:334 - Updater called before beeing initialized
2024-09-06 06:56:25,244 [FATAL] Updater:334 - Updater called before beeing initialized
2024-09-06 06:56:25,261 [INFO] DbMcusAds:53 - JSON generation date=Thu May 16 10:22:00 BST 2024 (1715851320667)
2024-09-06 06:56:25,261 [FATAL] Updater:334 - Updater called before beeing initialized
2024-09-06 06:56:25,322 [WARN] DetailPanel:346 - Failed to get advertising image, set to default
2024-09-06 06:56:25,447 [FATAL] Updater:334 - Updater called before beeing initialized
2024-09-06 06:56:25,451 [FATAL] Updater:334 - Updater called before beeing initialized
2024-09-06 06:56:25,451 [FATAL] Updater:334 - Updater called before beeing initialized
2024-09-06 06:56:25,451 [WARN] DetailPanel:346 - Failed to get advertising image, set to default
2024-09-06 06:56:25,452 [FATAL] Updater:334 - Updater called before beeing initialized
2024-09-06 06:56:25,554 [ERROR] Updater:1164 - MainUpdater not yet initialized. External WinMGr cannot be set.
2024-09-06 06:56:25,571 [INFO] Updater:1100 - Updater Version found : 6.12.0
2024-09-06 06:56:25,597 [INFO] ApplicationProperties:184 - Using Application install path: C:\ST\STM32CubeIDE_1.16.0\STM32CubeIDE\plugins\com.st.stm32cube.common.mx_6.12.0.202406281431
2024-09-06 06:56:25,946 [INFO] MainUpdater:2873 - connection check result : 22
2024-09-06 06:56:25,947 [INFO] MainUpdater:290 - Updater Check For Update Now.
2024-09-06 06:56:25,948 [INFO] MicroXplorer:498 - Change Database Version : DB.6.0.120
2024-09-06 06:56:25,977 [INFO] McuFinderGlobals:63 - Set McuFinder mode to 2 (CubeIDE integrated)
2024-09-06 06:56:25,978 [INFO] UserAuth:179 - activating auth plugin
2024-09-06 06:56:25,982 [INFO] UserAuth:417 - Internet connection configuration mode: 2
2024-09-06 06:56:26,019 [INFO] UserAuth:417 - Internet connection configuration mode: 2
2024-09-06 06:56:26,310 [INFO] CheckServerUpdateThread:120 - End of CheckServer Thread
2024-09-06 06:56:27,212 [WARN] PackLoader:240 - Cannot read IP mode file for STMicroelectronics.FP-SNS-MOTENVWB1.1.4.0
2024-09-06 06:56:27,241 [WARN] PackLoader:240 - Cannot read IP mode file for STMicroelectronics.X-CUBE-SMBUS.2.1.0
2024-09-06 06:56:27,317 [WARN] PackLoader:240 - Cannot read IP mode file for STMicroelectronics.X-CUBE-AZRTOS-F7.1.1.0
2024-09-06 06:56:27,451 [WARN] PackLoader:240 - Cannot read IP mode file for STMicroelectronics.X-CUBE-MEMS1.11.0.0
2024-09-06 06:56:27,692 [WARN] PackLoader:240 - Cannot read IP mode file for STMicroelectronics.FP-SNS-FLIGHT1.5.0.2
2024-09-06 06:56:27,726 [WARN] PackLoader:240 - Cannot read IP mode file for STMicroelectronics.X-CUBE-DISPLAY.3.0.0
2024-09-06 06:56:27,751 [WARN] PackLoader:240 - Cannot read IP mode file for STMicroelectronics.X-CUBE-BLE1.7.0.0
2024-09-06 06:56:27,774 [WARN] PackLoader:240 - Cannot read IP mode file for emotas.I-CUBE-CANOPEN.1.3.0
2024-09-06 06:56:27,812 [WARN] PackLoader:240 - Cannot read IP mode file for STMicroelectronics.X-CUBE-BLEMGR.3.1.0
2024-09-06 06:56:27,840 [WARN] PackLoader:240 - Cannot read IP mode file for STMicroelectronics.FP-SNS-SMARTAG2.1.2.0
2024-09-06 06:56:27,875 [INFO] LogOutputStream:77 - [STDOUT_REDIRECT] 1 : Invalid condition id : UX_CORESTACK_Condition cause : null
2024-09-06 06:56:27,877 [INFO] LogOutputStream:77 - [STDOUT_REDIRECT] 1 : Invalid condition id : UX_CORESTACK_Condition cause : null
2024-09-06 06:56:27,880 [INFO] LogOutputStream:77 - [STDOUT_REDIRECT] 1 : Invalid condition id : UX_CORESTACK_Condition cause : null
2024-09-06 06:56:27,883 [INFO] LogOutputStream:77 - [STDOUT_REDIRECT] 1 : Invalid condition id : UX_CORESTACK_Condition cause : null
2024-09-06 06:56:27,886 [INFO] LogOutputStream:77 - [STDOUT_REDIRECT] 1 : Invalid condition id : UX_CORESTACK_Condition cause : null
2024-09-06 06:56:27,892 [WARN] PackLoader:240 - Cannot read IP mode file for STMicroelectronics.X-CUBE-AZRTOS-WL.2.0.0
2024-09-06 06:56:27,929 [WARN] PackLoader:240 - Cannot read IP mode file for STMicroelectronics.FP-SNS-MOTENV1.5.0.0
2024-09-06 06:56:27,988 [WARN] PackLoader:240 - Cannot read IP mode file for wolfSSL.I-CUBE-wolfMQTT.1.19.0
2024-09-06 06:56:28,010 [WARN] PackLoader:240 - Cannot read IP mode file for WES.I-CUBE-Cesium.1.3.0
2024-09-06 06:56:28,042 [WARN] PackLoader:240 - Cannot read IP mode file for STMicroelectronics.X-CUBE-BLE2.3.3.0
2024-09-06 06:56:28,063 [WARN] PackLoader:240 - Cannot read IP mode file for STMicroelectronics.X-CUBE-TCPP.4.1.0
2024-09-06 06:56:28,109 [WARN] PackLoader:240 - Cannot read IP mode file for STMicroelectronics.X-CUBE-AZRTOS-G0.1.1.0
2024-09-06 06:56:28,136 [WARN] PackLoader:240 - Cannot read IP mode file for STMicroelectronics.X-CUBE-SAFEA1.1.2.2
2024-09-06 06:56:28,159 [WARN] PackLoader:240 - Cannot read IP mode file for STMicroelectronics.X-CUBE-NFC4.3.0.0
2024-09-06 06:56:28,187 [WARN] PackLoader:240 - Cannot read IP mode file for EmbeddedOffice.I-CUBE-FS-RTOS.1.0.1
2024-09-06 06:56:28,187 [ERROR] ConditionMgr:805 - Attr not supported : Dmpu
2024-09-06 06:56:28,187 [ERROR] ConditionMgr:805 - Attr not supported : Dmpu
2024-09-06 06:56:28,187 [ERROR] ConditionMgr:805 - Attr not supported : Dmpu
2024-09-06 06:56:28,188 [ERROR] ConditionMgr:805 - Attr not supported : Dmpu
2024-09-06 06:56:28,188 [ERROR] ConditionMgr:805 - Attr not supported : Dmpu
2024-09-06 06:56:28,188 [ERROR] ConditionMgr:805 - Attr not supported : Dmpu
2024-09-06 06:56:28,188 [ERROR] ConditionMgr:805 - Attr not supported : Dmpu
2024-09-06 06:56:28,188 [ERROR] ConditionMgr:805 - Attr not supported : Dmpu
2024-09-06 06:56:28,188 [ERROR] ConditionMgr:805 - Attr not supported : Dmpu
2024-09-06 06:56:28,188 [ERROR] ConditionMgr:805 - Attr not supported : Dmpu
2024-09-06 06:56:28,188 [ERROR] ConditionMgr:805 - Attr not supported : Dmpu
2024-09-06 06:56:28,189 [ERROR] ConditionMgr:805 - Attr not supported : Dmpu
2024-09-06 06:56:28,189 [ERROR] ConditionMgr:805 - Attr not supported : Dmpu
2024-09-06 06:56:28,189 [ERROR] ConditionMgr:805 - Attr not supported : Dmpu
2024-09-06 06:56:28,189 [ERROR] ConditionMgr:805 - Attr not supported : Dmpu
2024-09-06 06:56:28,189 [ERROR] ConditionMgr:805 - Attr not supported : Dmpu
2024-09-06 06:56:28,189 [ERROR] ConditionMgr:805 - Attr not supported : Dmpu
2024-09-06 06:56:28,189 [ERROR] ConditionMgr:805 - Attr not supported : Dmpu
2024-09-06 06:56:28,190 [ERROR] ConditionMgr:805 - Attr not supported : Dmpu
2024-09-06 06:56:28,190 [ERROR] ConditionMgr:805 - Attr not supported : Dmpu
2024-09-06 06:56:28,190 [ERROR] ConditionMgr:805 - Attr not supported : Dmpu
2024-09-06 06:56:28,190 [ERROR] ConditionMgr:805 - Attr not supported : Dmpu
2024-09-06 06:56:28,190 [ERROR] ConditionMgr:805 - Attr not supported : Dmpu
2024-09-06 06:56:28,190 [ERROR] ConditionMgr:805 - Attr not supported : Dmpu
2024-09-06 06:56:28,190 [ERROR] ConditionMgr:805 - Attr not supported : Dmpu
2024-09-06 06:56:28,190 [ERROR] ConditionMgr:805 - Attr not supported : Dmpu
2024-09-06 06:56:28,191 [ERROR] ConditionMgr:805 - Attr not supported : Dmpu
2024-09-06 06:56:28,191 [ERROR] ConditionMgr:805 - Attr not supported : Dmpu
2024-09-06 06:56:28,191 [ERROR] ConditionMgr:805 - Attr not supported : Dmpu
2024-09-06 06:56:28,191 [ERROR] ConditionMgr:805 - Attr not supported : Dmpu
2024-09-06 06:56:28,191 [ERROR] ConditionMgr:805 - Attr not supported : Dmpu
2024-09-06 06:56:28,191 [ERROR] ConditionMgr:805 - Attr not supported : Dmpu
2024-09-06 06:56:28,191 [ERROR] ConditionMgr:805 - Attr not supported : Dmpu
2024-09-06 06:56:28,192 [ERROR] ConditionMgr:805 - Attr not supported : Dmpu
2024-09-06 06:56:28,192 [ERROR] ConditionMgr:805 - Attr not supported : Dmpu
2024-09-06 06:56:28,192 [ERROR] ConditionMgr:805 - Attr not supported : Dmpu
2024-09-06 06:56:28,192 [ERROR] ConditionMgr:805 - Attr not supported : Dmpu
2024-09-06 06:56:28,192 [ERROR] ConditionMgr:805 - Attr not supported : Dmpu
2024-09-06 06:56:28,193 [ERROR] ConditionMgr:805 - Attr not supported : Dmpu
2024-09-06 06:56:28,193 [ERROR] ConditionMgr:805 - Attr not supported : Dmpu
2024-09-06 06:56:28,193 [ERROR] ConditionMgr:805 - Attr not supported : Dmpu
2024-09-06 06:56:28,193 [ERROR] ConditionMgr:805 - Attr not supported : Dmpu
2024-09-06 06:56:28,193 [ERROR] ConditionMgr:805 - Attr not supported : Dmpu
2024-09-06 06:56:28,193 [ERROR] ConditionMgr:805 - Attr not supported : Dmpu
2024-09-06 06:56:28,194 [ERROR] ConditionMgr:805 - Attr not supported : Dmpu
2024-09-06 06:56:28,194 [ERROR] ConditionMgr:805 - Attr not supported : Dmpu
2024-09-06 06:56:28,194 [ERROR] ConditionMgr:805 - Attr not supported : Dmpu
2024-09-06 06:56:28,194 [ERROR] ConditionMgr:805 - Attr not supported : Dmpu
2024-09-06 06:56:28,194 [ERROR] ConditionMgr:805 - Attr not supported : Dmpu
2024-09-06 06:56:28,195 [ERROR] ConditionMgr:805 - Attr not supported : Dmpu
2024-09-06 06:56:28,195 [ERROR] ConditionMgr:805 - Attr not supported : Dmpu
2024-09-06 06:56:28,195 [ERROR] ConditionMgr:805 - Attr not supported : Dmpu
2024-09-06 06:56:28,195 [ERROR] ConditionMgr:805 - Attr not supported : Dmpu
2024-09-06 06:56:28,195 [ERROR] ConditionMgr:805 - Attr not supported : Dmpu
2024-09-06 06:56:28,195 [ERROR] ConditionMgr:805 - Attr not supported : Dmpu
2024-09-06 06:56:28,195 [ERROR] ConditionMgr:805 - Attr not supported : Dmpu
2024-09-06 06:56:28,196 [ERROR] ConditionMgr:805 - Attr not supported : Dmpu
2024-09-06 06:56:28,196 [ERROR] ConditionMgr:805 - Attr not supported : Dmpu
2024-09-06 06:56:28,196 [ERROR] ConditionMgr:805 - Attr not supported : Dmpu
2024-09-06 06:56:28,196 [ERROR] ConditionMgr:805 - Attr not supported : Dmpu
2024-09-06 06:56:28,196 [ERROR] ConditionMgr:805 - Attr not supported : Dmpu
2024-09-06 06:56:28,196 [ERROR] ConditionMgr:805 - Attr not supported : Dmpu
2024-09-06 06:56:28,196 [ERROR] ConditionMgr:805 - Attr not supported : Dmpu
2024-09-06 06:56:28,197 [ERROR] ConditionMgr:805 - Attr not supported : Dmpu
2024-09-06 06:56:28,218 [WARN] PackLoader:240 - Cannot read IP mode file for RealThread.X-CUBE-RT-Thread_Nano.4.1.1
2024-09-06 06:56:28,235 [WARN] PackLoader:240 - Cannot read IP mode file for STMicroelectronics.FP-ATR-SIGFOX1.3.2.0
2024-09-06 06:56:28,254 [WARN] PackLoader:240 - Cannot read IP mode file for wolfSSL.I-CUBE-wolfSSL.5.7.2
2024-09-06 06:56:28,276 [WARN] PackLoader:240 - Cannot read IP mode file for STMicroelectronics.X-CUBE-EEPRMA1.5.1.0
2024-09-06 06:56:28,303 [WARN] PackLoader:240 - Cannot read IP mode file for ITTIA_DB.I-CUBE-ITTIADB.8.9.0
2024-09-06 06:56:28,356 [WARN] PackLoader:240 - Cannot read IP mode file for SEGGER.I-CUBE-embOS.1.3.1
2024-09-06 06:56:28,452 [WARN] PackLoader:240 - Cannot read IP mode file for STMicroelectronics.X-CUBE-ALGOBUILD.1.4.0
2024-09-06 06:56:28,477 [WARN] PackLoader:240 - Cannot read IP mode file for STMicroelectronics.X-CUBE-GNSS1.6.0.0
2024-09-06 06:56:28,530 [WARN] PackLoader:240 - Cannot read IP mode file for STMicroelectronics.X-CUBE-AZRTOS-F4.1.1.0
2024-09-06 06:56:28,560 [WARN] PackLoader:240 - Cannot read IP mode file for STMicroelectronics.X-CUBE-FREERTOS.1.2.0
2024-09-06 06:56:28,610 [WARN] PackLoader:240 - Cannot read IP mode file for STMicroelectronics.X-CUBE-AZRTOS-L5.2.0.0
2024-09-06 06:56:28,639 [WARN] PackLoader:240 - Cannot read IP mode file for STMicroelectronics.X-CUBE-NFC6.3.1.0
2024-09-06 06:56:28,662 [WARN] PackLoader:240 - Cannot read IP mode file for STMicroelectronics.X-CUBE-DPower.1.2.0
2024-09-06 06:56:28,683 [WARN] PackLoader:240 - Cannot read IP mode file for STMicroelectronics.X-CUBE-AI.9.0.0
2024-09-06 06:56:28,707 [WARN] PackLoader:240 - Cannot read IP mode file for STMicroelectronics.X-CUBE-NFC7.1.0.1
2024-09-06 06:56:28,731 [WARN] PackLoader:240 - Cannot read IP mode file for wolfSSL.I-CUBE-wolfTPM.3.2.0
2024-09-06 06:56:28,787 [WARN] ConditionMgr:438 - getConditionDescription Invalid condition id : LAN8742 Phy interface Condition cause : null
2024-09-06 06:56:28,788 [WARN] PackLoader:240 - Cannot read IP mode file for STMicroelectronics.X-CUBE-AZRTOS-L4.2.0.0
2024-09-06 06:56:28,791 [WARN] ConditionMgr:1039 - genDependencies : Invalid condition id : LAN8742 Phy interface Condition cause : null
2024-09-06 06:56:28,792 [WARN] ConditionMgr:1039 - genDependencies : Invalid condition id : LAN8742 Phy interface Condition cause : null
2024-09-06 06:56:28,793 [WARN] ConditionMgr:1039 - genDependencies : Invalid condition id : LAN8742 Phy interface Condition cause : null
2024-09-06 06:56:28,817 [WARN] PackLoader:240 - Cannot read IP mode file for STMicroelectronics.X-CUBE-SFXS2LP1.4.0.0
2024-09-06 06:56:28,879 [WARN] PackLoader:240 - Cannot read IP mode file for STMicroelectronics.X-CUBE-AZRTOS-H7.3.3.0
2024-09-06 06:56:28,918 [WARN] ConditionMgr:438 - getConditionDescription Invalid condition id : UX DEVICE CLASS RTOS Condition cause : null
2024-09-06 06:56:28,918 [WARN] ConditionMgr:438 - getConditionDescription Invalid condition id : UX DEVICE CLASS RTOS Condition cause : null
2024-09-06 06:56:28,921 [WARN] PackLoader:240 - Cannot read IP mode file for STMicroelectronics.X-CUBE-AZRTOS-WB.2.0.0
2024-09-06 06:56:28,922 [WARN] ConditionMgr:1039 - genDependencies : Invalid condition id : UX DEVICE CLASS RTOS Condition cause : null
2024-09-06 06:56:28,922 [WARN] ConditionMgr:1039 - genDependencies : Invalid condition id : UX DEVICE CLASS RTOS Condition cause : null
2024-09-06 06:56:28,923 [WARN] ConditionMgr:1039 - genDependencies : Invalid condition id : UX DEVICE CLASS RTOS Condition cause : null
2024-09-06 06:56:28,923 [WARN] ConditionMgr:1039 - genDependencies : Invalid condition id : UX DEVICE CLASS RTOS Condition cause : null
2024-09-06 06:56:28,924 [WARN] ConditionMgr:1039 - genDependencies : Invalid condition id : UX DEVICE CLASS RTOS Condition cause : null
2024-09-06 06:56:28,946 [WARN] PackLoader:240 - Cannot read IP mode file for STMicroelectronics.FP-SNS-STBOX1.2.0.0
2024-09-06 06:56:28,978 [WARN] PackLoader:240 - Cannot read IP mode file for STMicroelectronics.X-CUBE-SUBG2.5.0.0
2024-09-06 06:56:29,004 [WARN] PackLoader:240 - Cannot read IP mode file for Cesanta.I-CUBE-Mongoose.7.13.0
2024-09-06 06:56:29,042 [WARN] PackLoader:240 - Cannot read IP mode file for STMicroelectronics.X-CUBE-AZRTOS-G4.2.0.0
2024-09-06 06:56:29,062 [WARN] PackLoader:240 - Cannot read IP mode file for STMicroelectronics.X-CUBE-ISPU.2.0.0
2024-09-06 06:56:29,081 [WARN] PackLoader:240 - Cannot read IP mode file for STMicroelectronics.X-CUBE-ALS.1.0.2
2024-09-06 06:56:29,158 [WARN] PackLoader:240 - Cannot read IP mode file for STMicroelectronics.X-CUBE-MEMS1.10.0.0
2024-09-06 06:56:29,294 [WARN] PackLoader:240 - Cannot read IP mode file for STMicroelectronics.X-CUBE-TOUCHGFX.4.24.0
2024-09-06 06:56:29,313 [WARN] PackLoader:240 - Cannot read IP mode file for portGmbH.I-Cube-SoM-uGOAL.1.1.0
2024-09-06 06:56:29,357 [WARN] PackLoader:240 - Cannot read IP mode file for STMicroelectronics.X-CUBE-AZRTOS-H7RS.1.0.0
2024-09-06 06:56:29,378 [WARN] PackLoader:240 - Cannot read IP mode file for STMicroelectronics.FP-ATR-ASTRA1.2.0.0
2024-09-06 06:56:29,408 [WARN] PackLoader:240 - Cannot read IP mode file for STMicroelectronics.X-CUBE-TOF1.3.4.2
2024-09-06 06:56:29,464 [WARN] PackLoader:240 - Cannot read IP mode file for STMicroelectronics.X-CUBE-AZRTOS-H7.3.2.0
2024-09-06 06:56:29,500 [WARN] PackLoader:240 - Cannot read IP mode file for Infineon.AIROC-Wi-Fi-Bluetooth-STM32.1.6.0
2024-09-06 06:56:29,526 [WARN] PackLoader:240 - Cannot read IP mode file for wolfSSL.I-CUBE-wolfSSH.1.4.17
2024-09-06 06:56:29,527 [INFO] ThirdParty:978 - Integrity check success = true
2024-09-06 06:56:29,527 [INFO] IntegrityCheckThread:100 - exiting critical section [integrity check]
2024-09-06 06:56:29,527 [INFO] IntegrityCheckThread:103 - End integrity checks thread
2024-09-06 07:12:33,427 [ERROR] ConfigurationRetriever:142 - IOException on connection: sw-center.st.com
2024-09-06 07:12:33,428 [ERROR] ConfigurationRetriever:142 - IOException on connection: sw-center.st.com
2024-09-06 07:12:33,428 [ERROR] ConfigurationRetriever:142 - IOException on connection: sw-center.st.com
2024-09-06 07:13:13,435 [ERROR] ConfigurationRetriever:142 - IOException on connection: sw-center.st.com
2024-09-06 07:13:13,436 [ERROR] ConfigurationRetriever:142 - IOException on connection: sw-center.st.com
2024-09-06 07:13:13,436 [ERROR] ConfigurationRetriever:142 - IOException on connection: sw-center.st.com
2024-09-06 07:13:28,133 [ERROR] ConfigurationRetriever:142 - IOException on connection: sw-center.st.com
2024-09-06 07:13:28,135 [ERROR] ConfigurationRetriever:142 - IOException on connection: sw-center.st.com
2024-09-06 07:13:28,135 [ERROR] ConfigurationRetriever:142 - IOException on connection: sw-center.st.com
2024-09-06 07:17:14,138 [ERROR] ConfigurationRetriever:142 - IOException on connection: sw-center.st.com
2024-09-06 07:17:14,139 [ERROR] ConfigurationRetriever:142 - IOException on connection: sw-center.st.com
2024-09-06 07:17:14,140 [ERROR] ConfigurationRetriever:142 - IOException on connection: sw-center.st.com
2024-09-06 08:17:21,274 [ERROR] ConfigurationRetriever:142 - IOException on connection: sw-center.st.com
2024-09-06 08:17:21,275 [ERROR] ConfigurationRetriever:142 - IOException on connection: sw-center.st.com
2024-09-06 08:17:21,276 [ERROR] ConfigurationRetriever:142 - IOException on connection: sw-center.st.com
2024-09-06 08:33:49,925 [ERROR] ConfigurationRetriever:142 - IOException on connection: sw-center.st.com
2024-09-06 08:33:49,926 [ERROR] ConfigurationRetriever:142 - IOException on connection: sw-center.st.com
2024-09-06 08:33:49,927 [ERROR] ConfigurationRetriever:142 - IOException on connection: sw-center.st.com
2024-09-06 10:21:48,306 [ERROR] ConfigurationRetriever:142 - IOException on connection: sw-center.st.com
2024-09-06 10:21:48,307 [ERROR] ConfigurationRetriever:142 - IOException on connection: sw-center.st.com
2024-09-06 10:21:48,308 [ERROR] ConfigurationRetriever:142 - IOException on connection: sw-center.st.com
2024-09-06 10:25:31,709 [INFO] Activator:176 - 


2024-09-06 10:25:31,711 [INFO] Activator:177 - !SESSION log4j initialized
2024-09-06 10:25:39,112 [INFO] LogOutputStream:77 - [STDOUT_REDIRECT] 
2024-09-06 10:25:39,556 [ERROR] ConfigurationRetriever:142 - IOException on connection: sw-center.st.com
2024-09-06 10:25:39,557 [ERROR] ConfigurationRetriever:142 - IOException on connection: sw-center.st.com
2024-09-06 10:25:39,558 [ERROR] ConfigurationRetriever:142 - IOException on connection: sw-center.st.com
2024-09-06 10:25:39,591 [ERROR] ConfigurationRetriever:142 - IOException on connection: sw-center.st.com
2024-09-06 10:25:39,592 [ERROR] ConfigurationRetriever:142 - IOException on connection: sw-center.st.com
2024-09-06 10:25:39,593 [ERROR] ConfigurationRetriever:142 - IOException on connection: sw-center.st.com
2024-09-06 10:25:40,755 [INFO] ApplicationProperties:184 - Using Application install path: C:\ST\STM32CubeIDE_1.16.0\STM32CubeIDE\plugins\com.st.stm32cube.common.mx_6.12.0.202406281431
2024-09-06 10:25:40,775 [INFO] DbMcusXml:78 - Set database path to: C:\ST\STM32CubeIDE_1.16.0\STM32CubeIDE\plugins\com.st.stm32cube.common.mx_6.12.0.202406281431\\db\/mcu/
2024-09-06 10:25:40,775 [INFO] ApiDb:274 - Set plugin database path to: C:\ST\STM32CubeIDE_1.16.0\STM32CubeIDE\plugins\com.st.stm32cube.common.mx_6.12.0.202406281431\\db\/plugins/boardmanager/
2024-09-06 10:25:40,775 [WARN] ApiDb:259 - Overriding images path with different value:  => C:\ST\STM32CubeIDE_1.16.0\STM32CubeIDE\plugins\com.st.stm32cube.common.mx_6.12.0.202406281431\\db\/plugins/mcufinder/images/
2024-09-06 10:25:40,793 [INFO] ApiDb:250 - Set database path to: C:\Users\jayansola.KANE\.stmcufinder\plugins\mcufinder//mcu/
2024-09-06 10:25:40,795 [INFO] DbMcusAds:125 - Set database path to: C:\Users\jayansola.KANE\.stmcufinder\plugins\mcufinder//mcu/
2024-09-06 10:25:40,798 [INFO] CrossReferenceDbSqlite:203 - Set database path to: C:\Users\jayansola.KANE\.stmcufinder\plugins\mcufinder//mcu/cs/
2024-09-06 10:25:40,945 [INFO] RulesReader:64 - Compatibility file has been processed (297 Rules)
2024-09-06 10:25:41,054 [INFO] DbMcusXml:78 - Set database path to: C:\ST\STM32CubeIDE_1.16.0\STM32CubeIDE\plugins\com.st.stm32cube.common.mx_6.12.0.202406281431\\db\/mcu/
2024-09-06 10:25:41,054 [INFO] ApiDb:274 - Set plugin database path to: C:\ST\STM32CubeIDE_1.16.0\STM32CubeIDE\plugins\com.st.stm32cube.common.mx_6.12.0.202406281431\\db\/plugins/boardmanager/
2024-09-06 10:25:41,054 [INFO] ApiDb:261 - Set plugin images path to: C:\ST\STM32CubeIDE_1.16.0\STM32CubeIDE\plugins\com.st.stm32cube.common.mx_6.12.0.202406281431\\db\/plugins/mcufinder/images/
2024-09-06 10:25:41,055 [WARN] DbFile:41 - Overriding database path with different value: C:\Users\jayansola.KANE\.stmcufinder\plugins\mcufinder/ => C:\Users\jayansola.KANE\.stmcufinder\plugins\mcufinder
2024-09-06 10:25:41,055 [INFO] ApiDb:250 - Set database path to: C:\Users\jayansola.KANE\.stmcufinder\plugins\mcufinder//mcu/
2024-09-06 10:25:41,055 [WARN] DbFile:41 - Overriding database path with different value: C:\Users\jayansola.KANE\.stmcufinder\plugins\mcufinder/ => C:\Users\jayansola.KANE\.stmcufinder\plugins\mcufinder
2024-09-06 10:25:41,055 [INFO] DbMcusAds:125 - Set database path to: C:\Users\jayansola.KANE\.stmcufinder\plugins\mcufinder//mcu/
2024-09-06 10:25:41,055 [WARN] DbFile:41 - Overriding database path with different value: C:\Users\jayansola.KANE\.stmcufinder\plugins\mcufinder/ => C:\Users\jayansola.KANE\.stmcufinder\plugins\mcufinder
2024-09-06 10:25:41,056 [WARN] DbFile:41 - Overriding database path with different value: C:\Users\jayansola.KANE\.stmcufinder\plugins\mcufinder/ => C:\Users\jayansola.KANE\.stmcufinder\plugins\mcufinder
2024-09-06 10:25:41,056 [INFO] CrossReferenceDbSqlite:203 - Set database path to: C:\Users\jayansola.KANE\.stmcufinder\plugins\mcufinder//mcu/cs/
2024-09-06 10:25:41,170 [INFO] MainPanel:268 - HeapMemory: 268435456
2024-09-06 10:25:41,282 [INFO] DbMcusXml:78 - Set database path to: C:\ST\STM32CubeIDE_1.16.0\STM32CubeIDE\plugins\com.st.stm32cube.common.mx_6.12.0.202406281431\\db\/mcu/
2024-09-06 10:25:41,282 [INFO] ApiDb:274 - Set plugin database path to: C:\ST\STM32CubeIDE_1.16.0\STM32CubeIDE\plugins\com.st.stm32cube.common.mx_6.12.0.202406281431\\db\/plugins/boardmanager/
2024-09-06 10:25:41,282 [INFO] ApiDb:261 - Set plugin images path to: C:\ST\STM32CubeIDE_1.16.0\STM32CubeIDE\plugins\com.st.stm32cube.common.mx_6.12.0.202406281431\\db\/plugins/mcufinder/images/
2024-09-06 10:25:41,283 [WARN] DbFile:41 - Overriding database path with different value: C:\Users\jayansola.KANE\.stmcufinder\plugins\mcufinder/ => C:\Users\jayansola.KANE\.stmcufinder\plugins\mcufinder
2024-09-06 10:25:41,283 [INFO] ApiDb:250 - Set database path to: C:\Users\jayansola.KANE\.stmcufinder\plugins\mcufinder//mcu/
2024-09-06 10:25:41,283 [WARN] DbFile:41 - Overriding database path with different value: C:\Users\jayansola.KANE\.stmcufinder\plugins\mcufinder/ => C:\Users\jayansola.KANE\.stmcufinder\plugins\mcufinder
2024-09-06 10:25:41,284 [INFO] DbMcusAds:125 - Set database path to: C:\Users\jayansola.KANE\.stmcufinder\plugins\mcufinder//mcu/
2024-09-06 10:25:41,284 [WARN] DbFile:41 - Overriding database path with different value: C:\Users\jayansola.KANE\.stmcufinder\plugins\mcufinder/ => C:\Users\jayansola.KANE\.stmcufinder\plugins\mcufinder
2024-09-06 10:25:41,284 [WARN] DbFile:41 - Overriding database path with different value: C:\Users\jayansola.KANE\.stmcufinder\plugins\mcufinder/ => C:\Users\jayansola.KANE\.stmcufinder\plugins\mcufinder
2024-09-06 10:25:41,284 [INFO] CrossReferenceDbSqlite:203 - Set database path to: C:\Users\jayansola.KANE\.stmcufinder\plugins\mcufinder//mcu/cs/
2024-09-06 10:25:41,310 [INFO] ApplicationProperties:184 - Using Application install path: C:\ST\STM32CubeIDE_1.16.0\STM32CubeIDE\plugins\com.st.stm32cube.common.mx_6.12.0.202406281431
2024-09-06 10:25:41,312 [INFO] PluginManage:196 - Search for loadable plugins [exclusion list=, ]
2024-09-06 10:25:41,313 [INFO] PluginManage:310 - Check plugin analytics
2024-09-06 10:25:41,572 [INFO] AnalyticsPlugin:253 - Accepted Software Licenses: 
2024-09-06 10:25:41,572 [INFO] AnalyticsPlugin:255 - Accepted CMSIS Pack Licenses: 
2024-09-06 10:25:41,573 [INFO] AnalyticsPlugin:257 - Accepted Firmware Licenses: 
2024-09-06 10:25:41,577 [INFO] PluginManage:359 - Loaded plugin analytics (category:tool,tabindex:-1)
2024-09-06 10:25:41,577 [INFO] PluginManage:310 - Check plugin cadmodel
2024-09-06 10:25:41,578 [ERROR] ConfigurationRetriever:142 - IOException on connection: sw-center.st.com
2024-09-06 10:25:41,579 [ERROR] ConfigurationRetriever:142 - IOException on connection: sw-center.st.com
2024-09-06 10:25:41,580 [ERROR] ConfigurationRetriever:142 - IOException on connection: sw-center.st.com
2024-09-06 10:25:41,605 [INFO] CADModel:105 - Init CAD model plugin
2024-09-06 10:25:41,605 [INFO] PluginManage:359 - Loaded plugin cadmodel (category:power,tabindex:5)
2024-09-06 10:25:41,605 [INFO] PluginManage:310 - Check plugin clock
2024-09-06 10:25:41,634 [INFO] PluginManage:359 - Loaded plugin clock (category:base,tabindex:2)
2024-09-06 10:25:41,635 [INFO] PluginManage:310 - Check plugin ddr
2024-09-06 10:25:41,638 [INFO] PluginManage:359 - Loaded plugin ddr (category:tool,tabindex:6)
2024-09-06 10:25:41,638 [INFO] PluginManage:310 - Check plugin filemanager
2024-09-06 10:25:41,838 [INFO] PluginManage:359 - Loaded plugin filemanager (category:base,tabindex:10)
2024-09-06 10:25:41,838 [INFO] PluginManage:310 - Check plugin ipmanager
2024-09-06 10:25:41,848 [INFO] PluginManage:359 - Loaded plugin ipmanager (category:base,tabindex:5)
2024-09-06 10:25:41,848 [INFO] PluginManage:310 - Check plugin lpbam
2024-09-06 10:25:41,876 [INFO] PluginManage:359 - Loaded plugin lpbam (category:base,tabindex:0)
2024-09-06 10:25:41,876 [INFO] PluginManage:310 - Check plugin memorymap
2024-09-06 10:25:41,910 [INFO] PluginManage:359 - Loaded plugin memorymap (category:base,tabindex:4)
2024-09-06 10:25:41,910 [INFO] PluginManage:310 - Check plugin pinoutandconfiguration
2024-09-06 10:25:41,935 [INFO] PluginManage:359 - Loaded plugin pinoutandconfiguration (category:base,tabindex:1)
2024-09-06 10:25:41,935 [INFO] PluginManage:310 - Check plugin pinoutconfig
2024-09-06 10:25:42,066 [WARN] SupportedApi:132 - Cannot load RTOS API schema: s4s-elt-must-match.1: The content of 'definitions' must match (annotation?, (simpleType | complexType)?, (unique | key | keyref)*)). A problem was found starting at: attribute.
2024-09-06 10:25:42,213 [INFO] PluginManage:359 - Loaded plugin pinoutconfig (category:base,tabindex:0)
2024-09-06 10:25:42,213 [INFO] PluginManage:310 - Check plugin power
2024-09-06 10:25:42,237 [INFO] PluginManage:359 - Loaded plugin power (category:power,tabindex:4)
2024-09-06 10:25:42,237 [INFO] PluginManage:310 - Check plugin projectmanager
2024-09-06 10:25:42,262 [INFO] PluginManage:359 - Loaded plugin projectmanager (category:projectmanager,tabindex:4)
2024-09-06 10:25:42,262 [INFO] PluginManage:310 - Check plugin rif
2024-09-06 10:25:42,284 [INFO] PluginManage:359 - Loaded plugin rif (category:base,tabindex:3)
2024-09-06 10:25:42,285 [INFO] PluginManage:310 - Check plugin thirdparty
2024-09-06 10:25:42,651 [WARN] IntegrityCheckThread:84 - waiting for thirdparty lock release [integrity check]
2024-09-06 10:25:42,651 [INFO] PluginManage:359 - Loaded plugin thirdparty (category:base,tabindex:-1)
2024-09-06 10:25:42,651 [INFO] IntegrityCheckThread:86 - entering critical section [integrity check]
2024-09-06 10:25:42,651 [INFO] PluginManage:310 - Check plugin tools
2024-09-06 10:25:42,652 [INFO] ThirdPartyUpdaterWithRetryManager:70 - Updater plugin not ready yet. [1/15]
2024-09-06 10:25:42,658 [INFO] PluginManage:359 - Loaded plugin tools (category:base,tabindex:7)
2024-09-06 10:25:42,658 [INFO] PluginManage:310 - Check plugin tutovideos
2024-09-06 10:25:42,938 [INFO] PluginManage:359 - Loaded plugin tutovideos (category:base,tabindex:-1)
2024-09-06 10:25:42,938 [INFO] PluginManage:310 - Check plugin updater
2024-09-06 10:25:42,966 [INFO] PluginManage:359 - Loaded plugin updater (category:base,tabindex:12)
2024-09-06 10:25:42,966 [INFO] PluginManage:310 - Check plugin userauth
2024-09-06 10:25:42,973 [INFO] UserAuth:113 - Init User Auth plugin
2024-09-06 10:25:42,973 [INFO] PluginManage:359 - Loaded plugin userauth (category:base,tabindex:14)
2024-09-06 10:25:42,974 [INFO] PluginManage:283 - PluginManage : Loaded plugins [18]
2024-09-06 10:25:43,237 [INFO] PinOutPanel:1561 - setPackage(No Configuration,No Configuration)
2024-09-06 10:25:43,348 [INFO] CADModel:165 - CPN selected for project level
2024-09-06 10:25:43,349 [INFO] CADModel:114 - Register for checkConnection events
2024-09-06 10:25:43,398 [INFO] IPUIPlugin:80 - create IPUIPlugin
2024-09-06 10:25:43,398 [INFO] PluginManager:220 - loadIPPluginJar : add adc
2024-09-06 10:25:43,452 [INFO] IPUIPlugin:80 - create IPUIPlugin
2024-09-06 10:25:43,452 [INFO] PluginManager:220 - loadIPPluginJar : add aes
2024-09-06 10:25:43,511 [INFO] IPUIPlugin:80 - create IPUIPlugin
2024-09-06 10:25:43,512 [INFO] PluginManager:220 - loadIPPluginJar : add can
2024-09-06 10:25:43,545 [INFO] IPUIPlugin:80 - create IPUIPlugin
2024-09-06 10:25:43,545 [INFO] PluginManager:220 - loadIPPluginJar : add comp
2024-09-06 10:25:43,595 [INFO] IPUIPlugin:80 - create IPUIPlugin
2024-09-06 10:25:43,595 [INFO] PluginManager:220 - loadIPPluginJar : add cryp
2024-09-06 10:25:43,610 [INFO] IPUIPlugin:80 - create IPUIPlugin
2024-09-06 10:25:43,610 [INFO] PluginManager:220 - loadIPPluginJar : add ddr_ctrl_phy
2024-09-06 10:25:43,655 [INFO] IPUIPlugin:80 - create IPUIPlugin
2024-09-06 10:25:43,656 [INFO] PluginManager:220 - loadIPPluginJar : add dfsdm
2024-09-06 10:25:43,675 [INFO] IPUIPlugin:80 - create IPUIPlugin
2024-09-06 10:25:43,676 [INFO] PluginManager:220 - loadIPPluginJar : add dma
2024-09-06 10:25:43,742 [INFO] IPUIPlugin:80 - create IPUIPlugin
2024-09-06 10:25:43,743 [INFO] PluginManager:220 - loadIPPluginJar : add dma3
2024-09-06 10:25:43,810 [INFO] IPUIPlugin:80 - create IPUIPlugin
2024-09-06 10:25:43,810 [INFO] PluginManager:220 - loadIPPluginJar : add extmemmanager
2024-09-06 10:25:43,839 [INFO] IPUIPlugin:80 - create IPUIPlugin
2024-09-06 10:25:43,840 [INFO] PluginManager:220 - loadIPPluginJar : add fatfs
2024-09-06 10:25:43,907 [INFO] IPUIPlugin:80 - create IPUIPlugin
2024-09-06 10:25:43,907 [INFO] PluginManager:220 - loadIPPluginJar : add fmc
2024-09-06 10:25:43,926 [INFO] IPUIPlugin:80 - create IPUIPlugin
2024-09-06 10:25:43,927 [INFO] PluginManager:220 - loadIPPluginJar : add freertos
2024-09-06 10:25:43,931 [INFO] IPUIPlugin:80 - create IPUIPlugin
2024-09-06 10:25:43,931 [INFO] PluginManager:220 - loadIPPluginJar : add genericplugin
2024-09-06 10:25:44,076 [INFO] IPUIPlugin:80 - create IPUIPlugin
2024-09-06 10:25:44,076 [INFO] PluginManager:220 - loadIPPluginJar : add gfxmmu
2024-09-06 10:25:44,275 [INFO] IPUIPlugin:80 - create IPUIPlugin
2024-09-06 10:25:44,276 [INFO] PluginManager:220 - loadIPPluginJar : add gic
2024-09-06 10:25:44,293 [INFO] IPUIPlugin:80 - create IPUIPlugin
2024-09-06 10:25:44,293 [INFO] PluginManager:220 - loadIPPluginJar : add gpio
2024-09-06 10:25:44,425 [INFO] IPUIPlugin:80 - create IPUIPlugin
2024-09-06 10:25:44,425 [INFO] PluginManager:220 - loadIPPluginJar : add gtzc
2024-09-06 10:25:44,476 [INFO] IPUIPlugin:80 - create IPUIPlugin
2024-09-06 10:25:44,476 [INFO] PluginManager:220 - loadIPPluginJar : add hash
2024-09-06 10:25:44,558 [INFO] IPUIPlugin:80 - create IPUIPlugin
2024-09-06 10:25:44,558 [INFO] PluginManager:220 - loadIPPluginJar : add i2c
2024-09-06 10:25:44,613 [INFO] IPUIPlugin:80 - create IPUIPlugin
2024-09-06 10:25:44,614 [INFO] PluginManager:220 - loadIPPluginJar : add i2s
2024-09-06 10:25:44,674 [INFO] IPUIPlugin:80 - create IPUIPlugin
2024-09-06 10:25:44,674 [INFO] PluginManager:220 - loadIPPluginJar : add i3c
2024-09-06 10:25:44,820 [INFO] IPUIPlugin:80 - create IPUIPlugin
2024-09-06 10:25:44,821 [INFO] PluginManager:220 - loadIPPluginJar : add ipddr
2024-09-06 10:25:44,976 [INFO] IPUIPlugin:80 - create IPUIPlugin
2024-09-06 10:25:44,976 [INFO] PluginManager:220 - loadIPPluginJar : add linkedlist
2024-09-06 10:25:44,981 [INFO] IPUIPlugin:80 - create IPUIPlugin
2024-09-06 10:25:44,981 [INFO] PluginManager:220 - loadIPPluginJar : add lorawan
2024-09-06 10:25:45,041 [INFO] IPUIPlugin:80 - create IPUIPlugin
2024-09-06 10:25:45,041 [INFO] PluginManager:220 - loadIPPluginJar : add ltdc
2024-09-06 10:25:45,065 [INFO] IPUIPlugin:80 - create IPUIPlugin
2024-09-06 10:25:45,065 [INFO] PluginManager:220 - loadIPPluginJar : add mdma
2024-09-06 10:25:45,082 [INFO] IPUIPlugin:80 - create IPUIPlugin
2024-09-06 10:25:45,082 [INFO] PluginManager:220 - loadIPPluginJar : add nvic
2024-09-06 10:25:45,135 [INFO] IPUIPlugin:80 - create IPUIPlugin
2024-09-06 10:25:45,135 [INFO] PluginManager:220 - loadIPPluginJar : add opamp
2024-09-06 10:25:45,225 [INFO] IPUIPlugin:80 - create IPUIPlugin
2024-09-06 10:25:45,226 [INFO] PluginManager:220 - loadIPPluginJar : add openamp
2024-09-06 10:25:45,291 [INFO] IPUIPlugin:80 - create IPUIPlugin
2024-09-06 10:25:45,291 [INFO] PluginManager:220 - loadIPPluginJar : add pdm2pcm
2024-09-06 10:25:45,311 [INFO] IPUIPlugin:80 - create IPUIPlugin
2024-09-06 10:25:45,314 [INFO] PluginManager:220 - loadIPPluginJar : add plateformsettings
2024-09-06 10:25:45,317 [INFO] IPUIPlugin:80 - create IPUIPlugin
2024-09-06 10:25:45,317 [INFO] PluginManager:220 - loadIPPluginJar : add quadspi
2024-09-06 10:25:45,358 [INFO] IPUIPlugin:80 - create IPUIPlugin
2024-09-06 10:25:45,359 [INFO] PluginManager:220 - loadIPPluginJar : add radio
2024-09-06 10:25:45,375 [INFO] IPUIPlugin:80 - create IPUIPlugin
2024-09-06 10:25:45,375 [INFO] PluginManager:220 - loadIPPluginJar : add resmgrutility
2024-09-06 10:25:45,444 [INFO] IPUIPlugin:80 - create IPUIPlugin
2024-09-06 10:25:45,444 [INFO] PluginManager:220 - loadIPPluginJar : add sai
2024-09-06 10:25:45,503 [INFO] IPUIPlugin:80 - create IPUIPlugin
2024-09-06 10:25:45,503 [INFO] PluginManager:220 - loadIPPluginJar : add spi
2024-09-06 10:25:45,600 [INFO] IPUIPlugin:80 - create IPUIPlugin
2024-09-06 10:25:45,601 [INFO] PluginManager:220 - loadIPPluginJar : add stm32_wpan
2024-09-06 10:25:45,605 [INFO] IPUIPlugin:80 - create IPUIPlugin
2024-09-06 10:25:45,605 [INFO] PluginManager:220 - loadIPPluginJar : add tim
2024-09-06 10:25:45,653 [INFO] ThirdPartyUpdaterWithRetryManager:70 - Updater plugin not ready yet. [2/15]
2024-09-06 10:25:45,696 [INFO] IPUIPlugin:80 - create IPUIPlugin
2024-09-06 10:25:45,696 [INFO] PluginManager:220 - loadIPPluginJar : add touchsensing
2024-09-06 10:25:45,700 [INFO] IPUIPlugin:80 - create IPUIPlugin
2024-09-06 10:25:45,700 [INFO] PluginManager:220 - loadIPPluginJar : add tracer_emb
2024-09-06 10:25:45,737 [INFO] IPUIPlugin:80 - create IPUIPlugin
2024-09-06 10:25:45,737 [INFO] PluginManager:220 - loadIPPluginJar : add ts
2024-09-06 10:25:45,771 [INFO] IPUIPlugin:80 - create IPUIPlugin
2024-09-06 10:25:45,771 [INFO] PluginManager:220 - loadIPPluginJar : add tsc
2024-09-06 10:25:45,776 [INFO] IPUIPlugin:80 - create IPUIPlugin
2024-09-06 10:25:45,776 [INFO] PluginManager:220 - loadIPPluginJar : add ucpd
2024-09-06 10:25:45,838 [INFO] IPUIPlugin:80 - create IPUIPlugin
2024-09-06 10:25:45,839 [INFO] PluginManager:220 - loadIPPluginJar : add usart
2024-09-06 10:25:45,902 [INFO] IPUIPlugin:80 - create IPUIPlugin
2024-09-06 10:25:45,902 [INFO] PluginManager:220 - loadIPPluginJar : add usbx
2024-09-06 10:25:46,064 [INFO] CADModel:165 - CPN selected for project level
2024-09-06 10:25:46,064 [INFO] CADModel:114 - Register for checkConnection events
2024-09-06 10:25:46,065 [FATAL] Updater:334 - Updater called before beeing initialized
2024-09-06 10:25:46,065 [ERROR] CADModel:125 - Updater not yet initialized, retry later 
2024-09-06 10:25:46,243 [INFO] CADModel:165 - CPN selected for project level
2024-09-06 10:25:46,244 [INFO] CADModel:114 - Register for checkConnection events
2024-09-06 10:25:46,244 [FATAL] Updater:334 - Updater called before beeing initialized
2024-09-06 10:25:46,244 [ERROR] CADModel:125 - Updater not yet initialized, retry later 
2024-09-06 10:25:46,247 [FATAL] Updater:334 - Updater called before beeing initialized
2024-09-06 10:25:46,391 [FATAL] Updater:334 - Updater called before beeing initialized
2024-09-06 10:25:46,405 [INFO] DbMcusAds:53 - JSON generation date=Thu May 16 10:22:00 BST 2024 (1715851320667)
2024-09-06 10:25:46,406 [FATAL] Updater:334 - Updater called before beeing initialized
2024-09-06 10:25:46,444 [WARN] DetailPanel:346 - Failed to get advertising image, set to default
2024-09-06 10:25:46,568 [FATAL] Updater:334 - Updater called before beeing initialized
2024-09-06 10:25:46,570 [FATAL] Updater:334 - Updater called before beeing initialized
2024-09-06 10:25:46,570 [FATAL] Updater:334 - Updater called before beeing initialized
2024-09-06 10:25:46,571 [WARN] DetailPanel:346 - Failed to get advertising image, set to default
2024-09-06 10:25:46,572 [FATAL] Updater:334 - Updater called before beeing initialized
2024-09-06 10:25:46,670 [ERROR] Updater:1164 - MainUpdater not yet initialized. External WinMGr cannot be set.
2024-09-06 10:25:46,684 [INFO] Updater:1100 - Updater Version found : 6.12.0
2024-09-06 10:25:46,706 [INFO] ApplicationProperties:184 - Using Application install path: C:\ST\STM32CubeIDE_1.16.0\STM32CubeIDE\plugins\com.st.stm32cube.common.mx_6.12.0.202406281431
2024-09-06 10:25:46,984 [INFO] MainUpdater:2873 - connection check result : 22
2024-09-06 10:25:46,985 [INFO] MainUpdater:290 - Updater Check For Update Now.
2024-09-06 10:25:46,985 [INFO] MicroXplorer:498 - Change Database Version : DB.6.0.120
2024-09-06 10:25:47,010 [INFO] McuFinderGlobals:63 - Set McuFinder mode to 2 (CubeIDE integrated)
2024-09-06 10:25:47,011 [INFO] UserAuth:179 - activating auth plugin
2024-09-06 10:25:47,014 [INFO] UserAuth:417 - Internet connection configuration mode: 2
2024-09-06 10:25:47,049 [INFO] UserAuth:417 - Internet connection configuration mode: 2
2024-09-06 10:25:47,310 [INFO] CheckServerUpdateThread:120 - End of CheckServer Thread
2024-09-06 10:25:48,940 [WARN] PackLoader:240 - Cannot read IP mode file for STMicroelectronics.FP-SNS-MOTENVWB1.1.4.0
2024-09-06 10:25:48,967 [WARN] PackLoader:240 - Cannot read IP mode file for STMicroelectronics.X-CUBE-SMBUS.2.1.0
2024-09-06 10:25:49,035 [WARN] PackLoader:240 - Cannot read IP mode file for STMicroelectronics.X-CUBE-AZRTOS-F7.1.1.0
2024-09-06 10:25:49,162 [WARN] PackLoader:240 - Cannot read IP mode file for STMicroelectronics.X-CUBE-MEMS1.11.0.0
2024-09-06 10:25:49,363 [WARN] PackLoader:240 - Cannot read IP mode file for STMicroelectronics.FP-SNS-FLIGHT1.5.0.2
2024-09-06 10:25:49,385 [WARN] PackLoader:240 - Cannot read IP mode file for STMicroelectronics.X-CUBE-DISPLAY.3.0.0
2024-09-06 10:25:49,409 [WARN] PackLoader:240 - Cannot read IP mode file for STMicroelectronics.X-CUBE-BLE1.7.0.0
2024-09-06 10:25:49,428 [WARN] PackLoader:240 - Cannot read IP mode file for emotas.I-CUBE-CANOPEN.1.3.0
2024-09-06 10:25:49,454 [WARN] PackLoader:240 - Cannot read IP mode file for STMicroelectronics.X-CUBE-BLEMGR.3.1.0
2024-09-06 10:25:49,477 [WARN] PackLoader:240 - Cannot read IP mode file for STMicroelectronics.FP-SNS-SMARTAG2.1.2.0
2024-09-06 10:25:49,502 [INFO] LogOutputStream:77 - [STDOUT_REDIRECT] 1 : Invalid condition id : UX_CORESTACK_Condition cause : null
2024-09-06 10:25:49,503 [INFO] LogOutputStream:77 - [STDOUT_REDIRECT] 1 : Invalid condition id : UX_CORESTACK_Condition cause : null
2024-09-06 10:25:49,504 [INFO] LogOutputStream:77 - [STDOUT_REDIRECT] 1 : Invalid condition id : UX_CORESTACK_Condition cause : null
2024-09-06 10:25:49,506 [INFO] LogOutputStream:77 - [STDOUT_REDIRECT] 1 : Invalid condition id : UX_CORESTACK_Condition cause : null
2024-09-06 10:25:49,507 [INFO] LogOutputStream:77 - [STDOUT_REDIRECT] 1 : Invalid condition id : UX_CORESTACK_Condition cause : null
2024-09-06 10:25:49,510 [WARN] PackLoader:240 - Cannot read IP mode file for STMicroelectronics.X-CUBE-AZRTOS-WL.2.0.0
2024-09-06 10:25:49,530 [WARN] PackLoader:240 - Cannot read IP mode file for STMicroelectronics.FP-SNS-MOTENV1.5.0.0
2024-09-06 10:25:49,539 [WARN] PackLoader:240 - Cannot read IP mode file for wolfSSL.I-CUBE-wolfMQTT.1.19.0
2024-09-06 10:25:49,563 [WARN] PackLoader:240 - Cannot read IP mode file for WES.I-CUBE-Cesium.1.3.0
2024-09-06 10:25:49,581 [WARN] PackLoader:240 - Cannot read IP mode file for STMicroelectronics.X-CUBE-BLE2.3.3.0
2024-09-06 10:25:49,607 [WARN] PackLoader:240 - Cannot read IP mode file for STMicroelectronics.X-CUBE-TCPP.4.1.0
2024-09-06 10:25:49,648 [WARN] PackLoader:240 - Cannot read IP mode file for STMicroelectronics.X-CUBE-AZRTOS-G0.1.1.0
2024-09-06 10:25:49,672 [WARN] PackLoader:240 - Cannot read IP mode file for STMicroelectronics.X-CUBE-SAFEA1.1.2.2
2024-09-06 10:25:49,699 [WARN] PackLoader:240 - Cannot read IP mode file for STMicroelectronics.X-CUBE-NFC4.3.0.0
2024-09-06 10:25:49,733 [WARN] PackLoader:240 - Cannot read IP mode file for EmbeddedOffice.I-CUBE-FS-RTOS.1.0.1
2024-09-06 10:25:49,734 [ERROR] ConditionMgr:805 - Attr not supported : Dmpu
2024-09-06 10:25:49,734 [ERROR] ConditionMgr:805 - Attr not supported : Dmpu
2024-09-06 10:25:49,735 [ERROR] ConditionMgr:805 - Attr not supported : Dmpu
2024-09-06 10:25:49,735 [ERROR] ConditionMgr:805 - Attr not supported : Dmpu
2024-09-06 10:25:49,735 [ERROR] ConditionMgr:805 - Attr not supported : Dmpu
2024-09-06 10:25:49,735 [ERROR] ConditionMgr:805 - Attr not supported : Dmpu
2024-09-06 10:25:49,735 [ERROR] ConditionMgr:805 - Attr not supported : Dmpu
2024-09-06 10:25:49,735 [ERROR] ConditionMgr:805 - Attr not supported : Dmpu
2024-09-06 10:25:49,736 [ERROR] ConditionMgr:805 - Attr not supported : Dmpu
2024-09-06 10:25:49,736 [ERROR] ConditionMgr:805 - Attr not supported : Dmpu
2024-09-06 10:25:49,736 [ERROR] ConditionMgr:805 - Attr not supported : Dmpu
2024-09-06 10:25:49,736 [ERROR] ConditionMgr:805 - Attr not supported : Dmpu
2024-09-06 10:25:49,736 [ERROR] ConditionMgr:805 - Attr not supported : Dmpu
2024-09-06 10:25:49,736 [ERROR] ConditionMgr:805 - Attr not supported : Dmpu
2024-09-06 10:25:49,736 [ERROR] ConditionMgr:805 - Attr not supported : Dmpu
2024-09-06 10:25:49,737 [ERROR] ConditionMgr:805 - Attr not supported : Dmpu
2024-09-06 10:25:49,737 [ERROR] ConditionMgr:805 - Attr not supported : Dmpu
2024-09-06 10:25:49,737 [ERROR] ConditionMgr:805 - Attr not supported : Dmpu
2024-09-06 10:25:49,737 [ERROR] ConditionMgr:805 - Attr not supported : Dmpu
2024-09-06 10:25:49,737 [ERROR] ConditionMgr:805 - Attr not supported : Dmpu
2024-09-06 10:25:49,737 [ERROR] ConditionMgr:805 - Attr not supported : Dmpu
2024-09-06 10:25:49,737 [ERROR] ConditionMgr:805 - Attr not supported : Dmpu
2024-09-06 10:25:49,738 [ERROR] ConditionMgr:805 - Attr not supported : Dmpu
2024-09-06 10:25:49,738 [ERROR] ConditionMgr:805 - Attr not supported : Dmpu
2024-09-06 10:25:49,738 [ERROR] ConditionMgr:805 - Attr not supported : Dmpu
2024-09-06 10:25:49,738 [ERROR] ConditionMgr:805 - Attr not supported : Dmpu
2024-09-06 10:25:49,738 [ERROR] ConditionMgr:805 - Attr not supported : Dmpu
2024-09-06 10:25:49,738 [ERROR] ConditionMgr:805 - Attr not supported : Dmpu
2024-09-06 10:25:49,739 [ERROR] ConditionMgr:805 - Attr not supported : Dmpu
2024-09-06 10:25:49,739 [ERROR] ConditionMgr:805 - Attr not supported : Dmpu
2024-09-06 10:25:49,739 [ERROR] ConditionMgr:805 - Attr not supported : Dmpu
2024-09-06 10:25:49,739 [ERROR] ConditionMgr:805 - Attr not supported : Dmpu
2024-09-06 10:25:49,740 [ERROR] ConditionMgr:805 - Attr not supported : Dmpu
2024-09-06 10:25:49,740 [ERROR] ConditionMgr:805 - Attr not supported : Dmpu
2024-09-06 10:25:49,740 [ERROR] ConditionMgr:805 - Attr not supported : Dmpu
2024-09-06 10:25:49,740 [ERROR] ConditionMgr:805 - Attr not supported : Dmpu
2024-09-06 10:25:49,740 [ERROR] ConditionMgr:805 - Attr not supported : Dmpu
2024-09-06 10:25:49,740 [ERROR] ConditionMgr:805 - Attr not supported : Dmpu
2024-09-06 10:25:49,741 [ERROR] ConditionMgr:805 - Attr not supported : Dmpu
2024-09-06 10:25:49,741 [ERROR] ConditionMgr:805 - Attr not supported : Dmpu
2024-09-06 10:25:49,741 [ERROR] ConditionMgr:805 - Attr not supported : Dmpu
2024-09-06 10:25:49,741 [ERROR] ConditionMgr:805 - Attr not supported : Dmpu
2024-09-06 10:25:49,742 [ERROR] ConditionMgr:805 - Attr not supported : Dmpu
2024-09-06 10:25:49,742 [ERROR] ConditionMgr:805 - Attr not supported : Dmpu
2024-09-06 10:25:49,742 [ERROR] ConditionMgr:805 - Attr not supported : Dmpu
2024-09-06 10:25:49,742 [ERROR] ConditionMgr:805 - Attr not supported : Dmpu
2024-09-06 10:25:49,742 [ERROR] ConditionMgr:805 - Attr not supported : Dmpu
2024-09-06 10:25:49,742 [ERROR] ConditionMgr:805 - Attr not supported : Dmpu
2024-09-06 10:25:49,743 [ERROR] ConditionMgr:805 - Attr not supported : Dmpu
2024-09-06 10:25:49,743 [ERROR] ConditionMgr:805 - Attr not supported : Dmpu
2024-09-06 10:25:49,743 [ERROR] ConditionMgr:805 - Attr not supported : Dmpu
2024-09-06 10:25:49,743 [ERROR] ConditionMgr:805 - Attr not supported : Dmpu
2024-09-06 10:25:49,743 [ERROR] ConditionMgr:805 - Attr not supported : Dmpu
2024-09-06 10:25:49,743 [ERROR] ConditionMgr:805 - Attr not supported : Dmpu
2024-09-06 10:25:49,743 [ERROR] ConditionMgr:805 - Attr not supported : Dmpu
2024-09-06 10:25:49,744 [ERROR] ConditionMgr:805 - Attr not supported : Dmpu
2024-09-06 10:25:49,744 [ERROR] ConditionMgr:805 - Attr not supported : Dmpu
2024-09-06 10:25:49,744 [ERROR] ConditionMgr:805 - Attr not supported : Dmpu
2024-09-06 10:25:49,744 [ERROR] ConditionMgr:805 - Attr not supported : Dmpu
2024-09-06 10:25:49,744 [ERROR] ConditionMgr:805 - Attr not supported : Dmpu
2024-09-06 10:25:49,744 [ERROR] ConditionMgr:805 - Attr not supported : Dmpu
2024-09-06 10:25:49,744 [ERROR] ConditionMgr:805 - Attr not supported : Dmpu
2024-09-06 10:25:49,745 [ERROR] ConditionMgr:805 - Attr not supported : Dmpu
2024-09-06 10:25:49,745 [ERROR] ConditionMgr:805 - Attr not supported : Dmpu
2024-09-06 10:25:49,766 [WARN] PackLoader:240 - Cannot read IP mode file for RealThread.X-CUBE-RT-Thread_Nano.4.1.1
2024-09-06 10:25:49,788 [WARN] PackLoader:240 - Cannot read IP mode file for STMicroelectronics.FP-ATR-SIGFOX1.3.2.0
2024-09-06 10:25:49,805 [WARN] PackLoader:240 - Cannot read IP mode file for wolfSSL.I-CUBE-wolfSSL.5.7.2
2024-09-06 10:25:49,833 [WARN] PackLoader:240 - Cannot read IP mode file for STMicroelectronics.X-CUBE-EEPRMA1.5.1.0
2024-09-06 10:25:49,857 [WARN] PackLoader:240 - Cannot read IP mode file for ITTIA_DB.I-CUBE-ITTIADB.8.9.0
2024-09-06 10:25:49,915 [WARN] PackLoader:240 - Cannot read IP mode file for SEGGER.I-CUBE-embOS.1.3.1
2024-09-06 10:25:49,984 [WARN] PackLoader:240 - Cannot read IP mode file for STMicroelectronics.X-CUBE-ALGOBUILD.1.4.0
2024-09-06 10:25:50,004 [WARN] PackLoader:240 - Cannot read IP mode file for STMicroelectronics.X-CUBE-GNSS1.6.0.0
2024-09-06 10:25:50,042 [WARN] PackLoader:240 - Cannot read IP mode file for STMicroelectronics.X-CUBE-AZRTOS-F4.1.1.0
2024-09-06 10:25:50,062 [WARN] PackLoader:240 - Cannot read IP mode file for STMicroelectronics.X-CUBE-FREERTOS.1.2.0
2024-09-06 10:25:50,098 [WARN] PackLoader:240 - Cannot read IP mode file for STMicroelectronics.X-CUBE-AZRTOS-L5.2.0.0
2024-09-06 10:25:50,121 [WARN] PackLoader:240 - Cannot read IP mode file for STMicroelectronics.X-CUBE-NFC6.3.1.0
2024-09-06 10:25:50,144 [WARN] PackLoader:240 - Cannot read IP mode file for STMicroelectronics.X-CUBE-DPower.1.2.0
2024-09-06 10:25:50,162 [WARN] PackLoader:240 - Cannot read IP mode file for STMicroelectronics.X-CUBE-AI.9.0.0
2024-09-06 10:25:50,184 [WARN] PackLoader:240 - Cannot read IP mode file for STMicroelectronics.X-CUBE-NFC7.1.0.1
2024-09-06 10:25:50,193 [WARN] PackLoader:240 - Cannot read IP mode file for wolfSSL.I-CUBE-wolfTPM.3.2.0
2024-09-06 10:25:50,229 [WARN] ConditionMgr:438 - getConditionDescription Invalid condition id : LAN8742 Phy interface Condition cause : null
2024-09-06 10:25:50,230 [WARN] PackLoader:240 - Cannot read IP mode file for STMicroelectronics.X-CUBE-AZRTOS-L4.2.0.0
2024-09-06 10:25:50,231 [WARN] ConditionMgr:1039 - genDependencies : Invalid condition id : LAN8742 Phy interface Condition cause : null
2024-09-06 10:25:50,231 [WARN] ConditionMgr:1039 - genDependencies : Invalid condition id : LAN8742 Phy interface Condition cause : null
2024-09-06 10:25:50,232 [WARN] ConditionMgr:1039 - genDependencies : Invalid condition id : LAN8742 Phy interface Condition cause : null
2024-09-06 10:25:50,252 [WARN] PackLoader:240 - Cannot read IP mode file for STMicroelectronics.X-CUBE-SFXS2LP1.4.0.0
2024-09-06 10:25:50,290 [WARN] PackLoader:240 - Cannot read IP mode file for STMicroelectronics.X-CUBE-AZRTOS-H7.3.3.0
2024-09-06 10:25:50,324 [WARN] ConditionMgr:438 - getConditionDescription Invalid condition id : UX DEVICE CLASS RTOS Condition cause : null
2024-09-06 10:25:50,325 [WARN] ConditionMgr:438 - getConditionDescription Invalid condition id : UX DEVICE CLASS RTOS Condition cause : null
2024-09-06 10:25:50,327 [WARN] PackLoader:240 - Cannot read IP mode file for STMicroelectronics.X-CUBE-AZRTOS-WB.2.0.0
2024-09-06 10:25:50,327 [WARN] ConditionMgr:1039 - genDependencies : Invalid condition id : UX DEVICE CLASS RTOS Condition cause : null
2024-09-06 10:25:50,327 [WARN] ConditionMgr:1039 - genDependencies : Invalid condition id : UX DEVICE CLASS RTOS Condition cause : null
2024-09-06 10:25:50,328 [WARN] ConditionMgr:1039 - genDependencies : Invalid condition id : UX DEVICE CLASS RTOS Condition cause : null
2024-09-06 10:25:50,328 [WARN] ConditionMgr:1039 - genDependencies : Invalid condition id : UX DEVICE CLASS RTOS Condition cause : null
2024-09-06 10:25:50,328 [WARN] ConditionMgr:1039 - genDependencies : Invalid condition id : UX DEVICE CLASS RTOS Condition cause : null
2024-09-06 10:25:50,349 [WARN] PackLoader:240 - Cannot read IP mode file for STMicroelectronics.FP-SNS-STBOX1.2.0.0
2024-09-06 10:25:50,377 [WARN] PackLoader:240 - Cannot read IP mode file for STMicroelectronics.X-CUBE-SUBG2.5.0.0
2024-09-06 10:25:50,389 [WARN] PackLoader:240 - Cannot read IP mode file for Cesanta.I-CUBE-Mongoose.7.13.0
2024-09-06 10:25:50,421 [WARN] PackLoader:240 - Cannot read IP mode file for STMicroelectronics.X-CUBE-AZRTOS-G4.2.0.0
2024-09-06 10:25:50,443 [WARN] PackLoader:240 - Cannot read IP mode file for STMicroelectronics.X-CUBE-ISPU.2.0.0
2024-09-06 10:25:50,465 [WARN] PackLoader:240 - Cannot read IP mode file for STMicroelectronics.X-CUBE-ALS.1.0.2
2024-09-06 10:25:50,534 [WARN] PackLoader:240 - Cannot read IP mode file for STMicroelectronics.X-CUBE-MEMS1.10.0.0
2024-09-06 10:25:50,647 [WARN] PackLoader:240 - Cannot read IP mode file for STMicroelectronics.X-CUBE-TOUCHGFX.4.24.0
2024-09-06 10:25:50,669 [WARN] PackLoader:240 - Cannot read IP mode file for portGmbH.I-Cube-SoM-uGOAL.1.1.0
2024-09-06 10:25:50,707 [WARN] PackLoader:240 - Cannot read IP mode file for STMicroelectronics.X-CUBE-AZRTOS-H7RS.1.0.0
2024-09-06 10:25:50,727 [WARN] PackLoader:240 - Cannot read IP mode file for STMicroelectronics.FP-ATR-ASTRA1.2.0.0
2024-09-06 10:25:50,751 [WARN] PackLoader:240 - Cannot read IP mode file for STMicroelectronics.X-CUBE-TOF1.3.4.2
2024-09-06 10:25:50,804 [WARN] PackLoader:240 - Cannot read IP mode file for STMicroelectronics.X-CUBE-AZRTOS-H7.3.2.0
2024-09-06 10:25:50,837 [WARN] PackLoader:240 - Cannot read IP mode file for Infineon.AIROC-Wi-Fi-Bluetooth-STM32.1.6.0
2024-09-06 10:25:50,858 [WARN] PackLoader:240 - Cannot read IP mode file for wolfSSL.I-CUBE-wolfSSH.1.4.17
2024-09-06 10:25:50,858 [INFO] ThirdParty:978 - Integrity check success = true
2024-09-06 10:25:50,859 [INFO] IntegrityCheckThread:100 - exiting critical section [integrity check]
2024-09-06 10:25:50,859 [INFO] IntegrityCheckThread:103 - End integrity checks thread
